WARNING 2026-02-08 21:56:03,288 log 21952 20408 Bad Request: /api/department-head/login/
WARNING 2026-02-08 21:59:13,883 log 24024 17488 Unauthorized: /api/students/bulk-import/
WARNING 2026-02-08 22:03:28,576 log 1844 5068 Bad Request: /api/faculty/
WARNING 2026-02-08 22:23:01,112 log 1828 17488 Too Many Requests: /api/department-heads/2/
WARNING 2026-02-08 22:23:01,113 log 1828 15312 Too Many Requests: /api/students/
WARNING 2026-02-08 22:23:01,116 log 1828 15312 Too Many Requests: /api/students/
WARNING 2026-02-08 22:23:01,560 log 1828 15312 Too Many Requests: /api/department-heads/2/
WARNING 2026-02-08 22:23:01,562 log 1828 17488 Too Many Requests: /api/faculty/
WARNING 2026-02-08 22:23:01,565 log 1828 15312 Too Many Requests: /api/faculty/
WARNING 2026-02-08 22:23:14,112 log 1828 15312 Too Many Requests: /api/department-heads/2/
WARNING 2026-02-08 22:23:14,113 log 1828 17488 Too Many Requests: /api/students/
WARNING 2026-02-08 22:23:14,116 log 1828 17488 Too Many Requests: /api/students/
WARNING 2026-02-08 22:23:14,383 log 1828 17488 Too Many Requests: /api/department-heads/2/
WARNING 2026-02-08 22:23:14,385 log 1828 15312 Too Many Requests: /api/faculty/
WARNING 2026-02-08 22:23:14,388 log 1828 15312 Too Many Requests: /api/faculty/
WARNING 2026-02-08 22:23:14,648 log 1828 15312 Too Many Requests: /api/department-heads/2/
WARNING 2026-02-08 22:23:14,649 log 1828 17488 Too Many Requests: /api/evaluation-forms/
WARNING 2026-02-08 22:23:14,653 log 1828 17488 Too Many Requests: /api/evaluation-forms/
WARNING 2026-02-08 22:23:14,902 log 1828 17488 Too Many Requests: /api/department-heads/2/
WARNING 2026-02-08 22:23:15,153 log 1828 17488 Too Many Requests: /api/department-heads/2/
WARNING 2026-02-08 22:23:15,154 log 1828 15312 Too Many Requests: /api/audit-logs/
WARNING 2026-02-08 22:23:15,157 log 1828 15312 Too Many Requests: /api/audit-logs/
WARNING 2026-02-08 22:23:15,448 log 1828 15312 Too Many Requests: /api/department-heads/2/
WARNING 2026-02-08 22:23:15,696 log 1828 15312 Too Many Requests: /api/department-heads/2/
WARNING 2026-02-08 22:23:15,697 log 1828 17488 Too Many Requests: /api/evaluation-forms/
WARNING 2026-02-08 22:23:15,700 log 1828 17488 Too Many Requests: /api/evaluation-forms/
WARNING 2026-02-08 22:23:16,201 log 1828 17488 Too Many Requests: /api/department-heads/2/
WARNING 2026-02-08 22:23:16,203 log 1828 15312 Too Many Requests: /api/students/
WARNING 2026-02-08 22:23:16,206 log 1828 15312 Too Many Requests: /api/students/
WARNING 2026-02-08 22:23:16,441 log 1828 15312 Too Many Requests: /api/department-heads/2/
WARNING 2026-02-08 22:23:17,033 log 1828 15312 Too Many Requests: /api/department-heads/2/
WARNING 2026-02-08 22:23:17,034 log 1828 17488 Too Many Requests: /api/students/
WARNING 2026-02-08 22:23:17,039 log 1828 17488 Too Many Requests: /api/students/
WARNING 2026-02-08 22:23:17,688 log 1828 17488 Too Many Requests: /api/department-heads/2/
WARNING 2026-02-08 22:23:17,689 log 1828 15312 Too Many Requests: /api/evaluation-forms/
WARNING 2026-02-08 22:23:17,692 log 1828 15312 Too Many Requests: /api/evaluation-forms/
WARNING 2026-02-08 22:23:17,959 log 1828 15312 Too Many Requests: /api/department-heads/2/
WARNING 2026-02-08 22:23:19,119 log 1828 15312 Too Many Requests: /api/department-heads/2/
WARNING 2026-02-08 22:23:19,120 log 1828 17488 Too Many Requests: /api/evaluation-forms/
WARNING 2026-02-08 22:23:19,123 log 1828 17488 Too Many Requests: /api/evaluation-forms/
WARNING 2026-02-08 22:23:19,505 log 1828 17488 Too Many Requests: /api/department-heads/2/
WARNING 2026-02-08 22:23:19,506 log 1828 15312 Too Many Requests: /api/faculty/
WARNING 2026-02-08 22:23:19,508 log 1828 15312 Too Many Requests: /api/faculty/
WARNING 2026-02-08 22:23:19,920 log 1828 15312 Too Many Requests: /api/department-heads/2/
WARNING 2026-02-08 22:23:19,920 log 1828 17488 Too Many Requests: /api/evaluation-forms/
WARNING 2026-02-08 22:23:19,924 log 1828 17488 Too Many Requests: /api/evaluation-forms/
WARNING 2026-02-08 22:23:20,296 log 1828 17488 Too Many Requests: /api/department-heads/2/
WARNING 2026-02-08 22:23:20,297 log 1828 15312 Too Many Requests: /api/audit-logs/
WARNING 2026-02-08 22:23:20,301 log 1828 15312 Too Many Requests: /api/audit-logs/
WARNING 2026-02-08 22:23:20,785 log 1828 15312 Too Many Requests: /api/department-heads/2/
WARNING 2026-02-08 22:23:21,585 log 1828 15312 Too Many Requests: /api/department-heads/2/
WARNING 2026-02-08 22:23:21,586 log 1828 17488 Too Many Requests: /api/faculty/
WARNING 2026-02-08 22:23:21,589 log 1828 17488 Too Many Requests: /api/faculty/
WARNING 2026-02-08 22:23:21,921 log 1828 17488 Too Many Requests: /api/department-heads/2/
WARNING 2026-02-08 22:23:21,922 log 1828 15312 Too Many Requests: /api/students/
WARNING 2026-02-08 22:23:21,926 log 1828 15312 Too Many Requests: /api/students/
WARNING 2026-02-08 22:23:22,241 log 1828 15312 Too Many Requests: /api/department-heads/2/
WARNING 2026-02-08 22:23:22,632 log 1828 15312 Too Many Requests: /api/department-heads/2/
WARNING 2026-02-08 22:23:22,633 log 1828 17488 Too Many Requests: /api/students/
WARNING 2026-02-08 22:23:22,635 log 1828 17488 Too Many Requests: /api/students/
WARNING 2026-02-08 22:23:23,344 log 1828 17488 Too Many Requests: /api/department-heads/2/
WARNING 2026-02-08 22:23:23,345 log 1828 15312 Too Many Requests: /api/evaluation-forms/
WARNING 2026-02-08 22:23:23,349 log 1828 15312 Too Many Requests: /api/evaluation-forms/
WARNING 2026-02-08 22:23:23,599 log 1828 15312 Too Many Requests: /api/department-heads/2/
WARNING 2026-02-08 22:23:23,860 log 1828 15312 Too Many Requests: /api/department-heads/2/
WARNING 2026-02-08 22:23:23,861 log 1828 17488 Too Many Requests: /api/audit-logs/
WARNING 2026-02-08 22:23:23,864 log 1828 17488 Too Many Requests: /api/audit-logs/
WARNING 2026-02-08 22:23:25,944 log 1828 17488 Too Many Requests: /api/department-heads/2/
WARNING 2026-02-08 22:23:26,209 log 1828 17488 Too Many Requests: /api/department-heads/2/
WARNING 2026-02-08 22:23:26,211 log 1828 15312 Too Many Requests: /api/evaluation-forms/
WARNING 2026-02-08 22:23:26,214 log 1828 15312 Too Many Requests: /api/evaluation-forms/
WARNING 2026-02-08 22:23:26,712 log 1828 15312 Too Many Requests: /api/department-heads/2/
WARNING 2026-02-08 22:23:26,713 log 1828 17488 Too Many Requests: /api/faculty/
WARNING 2026-02-08 22:23:26,717 log 1828 17488 Too Many Requests: /api/faculty/
WARNING 2026-02-08 22:23:26,985 log 1828 17488 Too Many Requests: /api/department-heads/2/
WARNING 2026-02-08 22:23:26,986 log 1828 15312 Too Many Requests: /api/students/
WARNING 2026-02-08 22:23:26,989 log 1828 15312 Too Many Requests: /api/students/
WARNING 2026-02-08 22:23:27,248 log 1828 15312 Too Many Requests: /api/department-heads/2/
WARNING 2026-02-08 22:23:28,028 log 1828 15312 Too Many Requests: /api/department-heads/2/
WARNING 2026-02-08 22:23:28,029 log 1828 17488 Too Many Requests: /api/students/
WARNING 2026-02-08 22:23:28,032 log 1828 17488 Too Many Requests: /api/students/
WARNING 2026-02-08 22:23:28,304 log 1828 17488 Too Many Requests: /api/department-heads/2/
WARNING 2026-02-08 22:23:28,305 log 1828 15312 Too Many Requests: /api/faculty/
WARNING 2026-02-08 22:23:28,308 log 1828 15312 Too Many Requests: /api/faculty/
WARNING 2026-02-08 22:23:28,561 log 1828 15312 Too Many Requests: /api/department-heads/2/
WARNING 2026-02-08 22:23:28,562 log 1828 17488 Too Many Requests: /api/evaluation-forms/
WARNING 2026-02-08 22:23:28,565 log 1828 17488 Too Many Requests: /api/evaluation-forms/
WARNING 2026-02-08 22:23:28,835 log 1828 17488 Too Many Requests: /api/department-heads/2/
WARNING 2026-02-08 22:23:28,837 log 1828 15312 Too Many Requests: /api/audit-logs/
WARNING 2026-02-08 22:23:28,841 log 1828 15312 Too Many Requests: /api/audit-logs/
WARNING 2026-02-08 22:23:29,908 log 1828 15312 Too Many Requests: /api/department-heads/2/
WARNING 2026-02-08 22:23:30,191 log 1828 15312 Too Many Requests: /api/department-heads/2/
WARNING 2026-02-08 22:23:30,192 log 1828 17488 Too Many Requests: /api/evaluation-forms/
WARNING 2026-02-08 22:23:30,195 log 1828 15312 Too Many Requests: /api/evaluation-forms/
WARNING 2026-02-08 22:23:30,651 log 1828 15312 Too Many Requests: /api/department-heads/2/
WARNING 2026-02-08 22:23:30,651 log 1828 17488 Too Many Requests: /api/faculty/
WARNING 2026-02-08 22:23:30,654 log 1828 17488 Too Many Requests: /api/faculty/
WARNING 2026-02-08 22:23:30,904 log 1828 17488 Too Many Requests: /api/department-heads/2/
WARNING 2026-02-08 22:23:30,905 log 1828 15312 Too Many Requests: /api/students/
WARNING 2026-02-08 22:23:30,908 log 1828 15312 Too Many Requests: /api/students/
WARNING 2026-02-08 22:23:31,138 log 1828 15312 Too Many Requests: /api/department-heads/2/
WARNING 2026-02-08 22:23:31,369 log 1828 15312 Too Many Requests: /api/department-heads/2/
WARNING 2026-02-08 22:23:31,370 log 1828 17488 Too Many Requests: /api/students/
WARNING 2026-02-08 22:23:31,373 log 1828 17488 Too Many Requests: /api/students/
WARNING 2026-02-08 22:23:31,569 log 1828 17488 Too Many Requests: /api/department-heads/2/
WARNING 2026-02-08 22:23:31,570 log 1828 15312 Too Many Requests: /api/faculty/
WARNING 2026-02-08 22:23:31,573 log 1828 15312 Too Many Requests: /api/faculty/
WARNING 2026-02-08 22:23:31,770 log 1828 15312 Too Many Requests: /api/department-heads/2/
WARNING 2026-02-08 22:23:31,771 log 1828 17488 Too Many Requests: /api/evaluation-forms/
WARNING 2026-02-08 22:23:31,774 log 1828 17488 Too Many Requests: /api/evaluation-forms/
WARNING 2026-02-08 22:23:31,978 log 1828 17488 Too Many Requests: /api/department-heads/2/
WARNING 2026-02-08 22:23:32,216 log 1828 17488 Too Many Requests: /api/department-heads/2/
WARNING 2026-02-08 22:23:32,217 log 1828 15312 Too Many Requests: /api/audit-logs/
WARNING 2026-02-08 22:23:32,221 log 1828 15312 Too Many Requests: /api/audit-logs/
WARNING 2026-02-08 22:36:34,526 log 1828 21224 Bad Request: /api/department-head/login/
WARNING 2026-02-09 14:32:52,213 log 10692 21872 Bad Request: /api/department-head/login/
WARNING 2026-02-09 14:32:53,213 log 10692 21872 Bad Request: /api/department-head/login/
WARNING 2026-02-09 14:32:53,820 log 10692 21872 Bad Request: /api/department-head/login/
WARNING 2026-02-09 14:32:54,420 log 10692 21872 Bad Request: /api/department-head/login/
WARNING 2026-02-09 14:32:55,196 log 10692 21872 Bad Request: /api/department-head/login/
WARNING 2026-02-09 14:33:01,450 log 10692 21872 Too Many Requests: /api/department-head/login/
WARNING 2026-02-09 14:33:06,688 log 10692 21872 Too Many Requests: /api/department-head/login/
ERROR 2026-02-09 20:43:21,146 log 5988 6340 Internal Server Error: /api/students/
Traceback (most recent call last):
  File "C:\Users\Gabriel Esperanza\Documents\Projects\UPang-Student-Feedback-and-Module-Evaluation-System\.venv\Lib\site-packages\django\core\handlers\exception.py", line 55, in inner
    response = get_response(request)
  File "C:\Users\Gabriel Esperanza\Documents\Projects\UPang-Student-Feedback-and-Module-Evaluation-System\.venv\Lib\site-packages\django\core\handlers\base.py", line 198, in _get_response
    response = wrapped_callback(request, *callback_args, **callback_kwargs)
  File "C:\Users\Gabriel Esperanza\Documents\Projects\UPang-Student-Feedback-and-Module-Evaluation-System\.venv\Lib\site-packages\django\views\decorators\csrf.py", line 65, in _view_wrapper
    return view_func(request, *args, **kwargs)
  File "C:\Users\Gabriel Esperanza\Documents\Projects\UPang-Student-Feedback-and-Module-Evaluation-System\.venv\Lib\site-packages\django\views\generic\base.py", line 106, in view
    return self.dispatch(request, *args, **kwargs)
           ~~~~~~~~~~~~~^^^^^^^^^^^^^^^^^^^^^^^^^^
  File "C:\Users\Gabriel Esperanza\Documents\Projects\UPang-Student-Feedback-and-Module-Evaluation-System\.venv\Lib\site-packages\rest_framework\views.py", line 515, in dispatch
    response = self.handle_exception(exc)
  File "C:\Users\Gabriel Esperanza\Documents\Projects\UPang-Student-Feedback-and-Module-Evaluation-System\.venv\Lib\site-packages\rest_framework\views.py", line 475, in handle_exception
    self.raise_uncaught_exception(exc)
    ~~~~~~~~~~~~~~~~~~~~~~~~~~~~~^^^^^
  File "C:\Users\Gabriel Esperanza\Documents\Projects\UPang-Student-Feedback-and-Module-Evaluation-System\.venv\Lib\site-packages\rest_framework\views.py", line 486, in raise_uncaught_exception
    raise exc
  File "C:\Users\Gabriel Esperanza\Documents\Projects\UPang-Student-Feedback-and-Module-Evaluation-System\.venv\Lib\site-packages\rest_framework\views.py", line 512, in dispatch
    response = handler(request, *args, **kwargs)
  File "C:\Users\Gabriel Esperanza\Documents\Projects\UPang-Student-Feedback-and-Module-Evaluation-System\.venv\Lib\site-packages\rest_framework\generics.py", line 246, in post
    return self.create(request, *args, **kwargs)
           ~~~~~~~~~~~^^^^^^^^^^^^^^^^^^^^^^^^^^
  File "C:\Users\Gabriel Esperanza\Documents\Projects\UPang-Student-Feedback-and-Module-Evaluation-System\api\views.py", line 68, in create
    message=f'Created new student: {student.firstname} {student.lastname} ({student.student_id})',
                                                                            ^^^^^^^^^^^^^^^^^^
AttributeError: 'Student' object has no attribute 'student_id'
WARNING 2026-02-09 20:43:27,634 log 5988 6340 Bad Request: /api/students/
WARNING 2026-02-09 20:48:29,467 log 25824 13064 Bad Request: /api/students/
ERROR 2026-02-09 20:49:10,905 log 25824 13064 Internal Server Error: /api/students/
Traceback (most recent call last):
  File "C:\Users\Gabriel Esperanza\Documents\Projects\UPang-Student-Feedback-and-Module-Evaluation-System\.venv\Lib\site-packages\django\db\backends\utils.py", line 105, in _execute
    return self.cursor.execute(sql, params)
           ~~~~~~~~~~~~~~~~~~~^^^^^^^^^^^^^
psycopg2.errors.DatatypeMismatch: column "enrolled_subjects" is of type text[] but expression is of type jsonb
LINE 1: ...2-12'::date, '03-1234-032803', 'CITE', 'BSIT', 3, '["ITE123 ...
                                                             ^
HINT:  You will need to rewrite or cast the expression.


The above exception was the direct cause of the following exception:

Traceback (most recent call last):
  File "C:\Users\Gabriel Esperanza\Documents\Projects\UPang-Student-Feedback-and-Module-Evaluation-System\.venv\Lib\site-packages\django\core\handlers\exception.py", line 55, in inner
    response = get_response(request)
  File "C:\Users\Gabriel Esperanza\Documents\Projects\UPang-Student-Feedback-and-Module-Evaluation-System\.venv\Lib\site-packages\django\core\handlers\base.py", line 198, in _get_response
    response = wrapped_callback(request, *callback_args, **callback_kwargs)
  File "C:\Users\Gabriel Esperanza\Documents\Projects\UPang-Student-Feedback-and-Module-Evaluation-System\.venv\Lib\site-packages\django\views\decorators\csrf.py", line 65, in _view_wrapper
    return view_func(request, *args, **kwargs)
  File "C:\Users\Gabriel Esperanza\Documents\Projects\UPang-Student-Feedback-and-Module-Evaluation-System\.venv\Lib\site-packages\django\views\generic\base.py", line 106, in view
    return self.dispatch(request, *args, **kwargs)
           ~~~~~~~~~~~~~^^^^^^^^^^^^^^^^^^^^^^^^^^
  File "C:\Users\Gabriel Esperanza\Documents\Projects\UPang-Student-Feedback-and-Module-Evaluation-System\.venv\Lib\site-packages\rest_framework\views.py", line 515, in dispatch
    response = self.handle_exception(exc)
  File "C:\Users\Gabriel Esperanza\Documents\Projects\UPang-Student-Feedback-and-Module-Evaluation-System\.venv\Lib\site-packages\rest_framework\views.py", line 475, in handle_exception
    self.raise_uncaught_exception(exc)
    ~~~~~~~~~~~~~~~~~~~~~~~~~~~~~^^^^^
  File "C:\Users\Gabriel Esperanza\Documents\Projects\UPang-Student-Feedback-and-Module-Evaluation-System\.venv\Lib\site-packages\rest_framework\views.py", line 486, in raise_uncaught_exception
    raise exc
  File "C:\Users\Gabriel Esperanza\Documents\Projects\UPang-Student-Feedback-and-Module-Evaluation-System\.venv\Lib\site-packages\rest_framework\views.py", line 512, in dispatch
    response = handler(request, *args, **kwargs)
  File "C:\Users\Gabriel Esperanza\Documents\Projects\UPang-Student-Feedback-and-Module-Evaluation-System\.venv\Lib\site-packages\rest_framework\generics.py", line 246, in post
    return self.create(request, *args, **kwargs)
           ~~~~~~~~~~~^^^^^^^^^^^^^^^^^^^^^^^^^^
  File "C:\Users\Gabriel Esperanza\Documents\Projects\UPang-Student-Feedback-and-Module-Evaluation-System\api\views.py", line 54, in create
    response = super().create(request, *args, **kwargs)
  File "C:\Users\Gabriel Esperanza\Documents\Projects\UPang-Student-Feedback-and-Module-Evaluation-System\.venv\Lib\site-packages\rest_framework\mixins.py", line 19, in create
    self.perform_create(serializer)
    ~~~~~~~~~~~~~~~~~~~^^^^^^^^^^^^
  File "C:\Users\Gabriel Esperanza\Documents\Projects\UPang-Student-Feedback-and-Module-Evaluation-System\.venv\Lib\site-packages\rest_framework\mixins.py", line 24, in perform_create
    serializer.save()
    ~~~~~~~~~~~~~~~^^
  File "C:\Users\Gabriel Esperanza\Documents\Projects\UPang-Student-Feedback-and-Module-Evaluation-System\.venv\Lib\site-packages\rest_framework\serializers.py", line 210, in save
    self.instance = self.create(validated_data)
                    ~~~~~~~~~~~^^^^^^^^^^^^^^^^
  File "C:\Users\Gabriel Esperanza\Documents\Projects\UPang-Student-Feedback-and-Module-Evaluation-System\api\serializers.py", line 53, in create
    student.save()
    ~~~~~~~~~~~~^^
  File "C:\Users\Gabriel Esperanza\Documents\Projects\UPang-Student-Feedback-and-Module-Evaluation-System\.venv\Lib\site-packages\django\db\models\base.py", line 874, in save
    self.save_base(
    ~~~~~~~~~~~~~~^
        using=using,
        ^^^^^^^^^^^^
    ...<2 lines>...
        update_fields=update_fields,
        ^^^^^^^^^^^^^^^^^^^^^^^^^^^^
    )
    ^
  File "C:\Users\Gabriel Esperanza\Documents\Projects\UPang-Student-Feedback-and-Module-Evaluation-System\.venv\Lib\site-packages\django\db\models\base.py", line 966, in save_base
    updated = self._save_table(
        raw,
    ...<4 lines>...
        update_fields,
    )
  File "C:\Users\Gabriel Esperanza\Documents\Projects\UPang-Student-Feedback-and-Module-Evaluation-System\.venv\Lib\site-packages\django\db\models\base.py", line 1169, in _save_table
    results = self._do_insert(
        cls._base_manager, using, insert_fields, returning_fields, raw
    )
  File "C:\Users\Gabriel Esperanza\Documents\Projects\UPang-Student-Feedback-and-Module-Evaluation-System\.venv\Lib\site-packages\django\db\models\base.py", line 1220, in _do_insert
    return manager._insert(
           ~~~~~~~~~~~~~~~^
        [self],
        ^^^^^^^
    ...<3 lines>...
        raw=raw,
        ^^^^^^^^
    )
    ^
  File "C:\Users\Gabriel Esperanza\Documents\Projects\UPang-Student-Feedback-and-Module-Evaluation-System\.venv\Lib\site-packages\django\db\models\manager.py", line 87, in manager_method
    return getattr(self.get_queryset(), name)(*args, **kwargs)
           ~~~~~~~~~~~~~~~~~~~~~~~~~~~~~~~~~~^^^^^^^^^^^^^^^^^
  File "C:\Users\Gabriel Esperanza\Documents\Projects\UPang-Student-Feedback-and-Module-Evaluation-System\.venv\Lib\site-packages\django\db\models\query.py", line 1918, in _insert
    return query.get_compiler(using=using).execute_sql(returning_fields)
           ~~~~~~~~~~~~~~~~~~~~~~~~~~~~~~~~~~~~~~~~~~~^^^^^^^^^^^^^^^^^^
  File "C:\Users\Gabriel Esperanza\Documents\Projects\UPang-Student-Feedback-and-Module-Evaluation-System\.venv\Lib\site-packages\django\db\models\sql\compiler.py", line 1925, in execute_sql
    cursor.execute(sql, params)
    ~~~~~~~~~~~~~~^^^^^^^^^^^^^
  File "C:\Users\Gabriel Esperanza\Documents\Projects\UPang-Student-Feedback-and-Module-Evaluation-System\.venv\Lib\site-packages\django\db\backends\utils.py", line 122, in execute
    return super().execute(sql, params)
           ~~~~~~~~~~~~~~~^^^^^^^^^^^^^
  File "C:\Users\Gabriel Esperanza\Documents\Projects\UPang-Student-Feedback-and-Module-Evaluation-System\.venv\Lib\site-packages\django\db\backends\utils.py", line 79, in execute
    return self._execute_with_wrappers(
           ~~~~~~~~~~~~~~~~~~~~~~~~~~~^
        sql, params, many=False, executor=self._execute
        ^^^^^^^^^^^^^^^^^^^^^^^^^^^^^^^^^^^^^^^^^^^^^^^
    )
    ^
  File "C:\Users\Gabriel Esperanza\Documents\Projects\UPang-Student-Feedback-and-Module-Evaluation-System\.venv\Lib\site-packages\django\db\backends\utils.py", line 92, in _execute_with_wrappers
    return executor(sql, params, many, context)
  File "C:\Users\Gabriel Esperanza\Documents\Projects\UPang-Student-Feedback-and-Module-Evaluation-System\.venv\Lib\site-packages\django\db\backends\utils.py", line 100, in _execute
    with self.db.wrap_database_errors:
         ^^^^^^^^^^^^^^^^^^^^^^^^^^^^
  File "C:\Users\Gabriel Esperanza\Documents\Projects\UPang-Student-Feedback-and-Module-Evaluation-System\.venv\Lib\site-packages\django\db\utils.py", line 94, in __exit__
    raise dj_exc_value.with_traceback(traceback) from exc_value
  File "C:\Users\Gabriel Esperanza\Documents\Projects\UPang-Student-Feedback-and-Module-Evaluation-System\.venv\Lib\site-packages\django\db\backends\utils.py", line 105, in _execute
    return self.cursor.execute(sql, params)
           ~~~~~~~~~~~~~~~~~~~^^^^^^^^^^^^^
django.db.utils.ProgrammingError: column "enrolled_subjects" is of type text[] but expression is of type jsonb
LINE 1: ...2-12'::date, '03-1234-032803', 'CITE', 'BSIT', 3, '["ITE123 ...
                                                             ^
HINT:  You will need to rewrite or cast the expression.

ERROR 2026-02-09 20:49:31,775 log 25824 13064 Internal Server Error: /api/students/
Traceback (most recent call last):
  File "C:\Users\Gabriel Esperanza\Documents\Projects\UPang-Student-Feedback-and-Module-Evaluation-System\.venv\Lib\site-packages\django\db\backends\utils.py", line 105, in _execute
    return self.cursor.execute(sql, params)
           ~~~~~~~~~~~~~~~~~~~^^^^^^^^^^^^^
psycopg2.errors.DatatypeMismatch: column "enrolled_subjects" is of type text[] but expression is of type jsonb
LINE 1: ...2-12'::date, '03-1234-032803', 'CITE', 'BSIT', 3, '["ITE123 ...
                                                             ^
HINT:  You will need to rewrite or cast the expression.


The above exception was the direct cause of the following exception:

Traceback (most recent call last):
  File "C:\Users\Gabriel Esperanza\Documents\Projects\UPang-Student-Feedback-and-Module-Evaluation-System\.venv\Lib\site-packages\django\core\handlers\exception.py", line 55, in inner
    response = get_response(request)
  File "C:\Users\Gabriel Esperanza\Documents\Projects\UPang-Student-Feedback-and-Module-Evaluation-System\.venv\Lib\site-packages\django\core\handlers\base.py", line 198, in _get_response
    response = wrapped_callback(request, *callback_args, **callback_kwargs)
  File "C:\Users\Gabriel Esperanza\Documents\Projects\UPang-Student-Feedback-and-Module-Evaluation-System\.venv\Lib\site-packages\django\views\decorators\csrf.py", line 65, in _view_wrapper
    return view_func(request, *args, **kwargs)
  File "C:\Users\Gabriel Esperanza\Documents\Projects\UPang-Student-Feedback-and-Module-Evaluation-System\.venv\Lib\site-packages\django\views\generic\base.py", line 106, in view
    return self.dispatch(request, *args, **kwargs)
           ~~~~~~~~~~~~~^^^^^^^^^^^^^^^^^^^^^^^^^^
  File "C:\Users\Gabriel Esperanza\Documents\Projects\UPang-Student-Feedback-and-Module-Evaluation-System\.venv\Lib\site-packages\rest_framework\views.py", line 515, in dispatch
    response = self.handle_exception(exc)
  File "C:\Users\Gabriel Esperanza\Documents\Projects\UPang-Student-Feedback-and-Module-Evaluation-System\.venv\Lib\site-packages\rest_framework\views.py", line 475, in handle_exception
    self.raise_uncaught_exception(exc)
    ~~~~~~~~~~~~~~~~~~~~~~~~~~~~~^^^^^
  File "C:\Users\Gabriel Esperanza\Documents\Projects\UPang-Student-Feedback-and-Module-Evaluation-System\.venv\Lib\site-packages\rest_framework\views.py", line 486, in raise_uncaught_exception
    raise exc
  File "C:\Users\Gabriel Esperanza\Documents\Projects\UPang-Student-Feedback-and-Module-Evaluation-System\.venv\Lib\site-packages\rest_framework\views.py", line 512, in dispatch
    response = handler(request, *args, **kwargs)
  File "C:\Users\Gabriel Esperanza\Documents\Projects\UPang-Student-Feedback-and-Module-Evaluation-System\.venv\Lib\site-packages\rest_framework\generics.py", line 246, in post
    return self.create(request, *args, **kwargs)
           ~~~~~~~~~~~^^^^^^^^^^^^^^^^^^^^^^^^^^
  File "C:\Users\Gabriel Esperanza\Documents\Projects\UPang-Student-Feedback-and-Module-Evaluation-System\api\views.py", line 54, in create
    response = super().create(request, *args, **kwargs)
  File "C:\Users\Gabriel Esperanza\Documents\Projects\UPang-Student-Feedback-and-Module-Evaluation-System\.venv\Lib\site-packages\rest_framework\mixins.py", line 19, in create
    self.perform_create(serializer)
    ~~~~~~~~~~~~~~~~~~~^^^^^^^^^^^^
  File "C:\Users\Gabriel Esperanza\Documents\Projects\UPang-Student-Feedback-and-Module-Evaluation-System\.venv\Lib\site-packages\rest_framework\mixins.py", line 24, in perform_create
    serializer.save()
    ~~~~~~~~~~~~~~~^^
  File "C:\Users\Gabriel Esperanza\Documents\Projects\UPang-Student-Feedback-and-Module-Evaluation-System\.venv\Lib\site-packages\rest_framework\serializers.py", line 210, in save
    self.instance = self.create(validated_data)
                    ~~~~~~~~~~~^^^^^^^^^^^^^^^^
  File "C:\Users\Gabriel Esperanza\Documents\Projects\UPang-Student-Feedback-and-Module-Evaluation-System\api\serializers.py", line 53, in create
    student.save()
    ~~~~~~~~~~~~^^
  File "C:\Users\Gabriel Esperanza\Documents\Projects\UPang-Student-Feedback-and-Module-Evaluation-System\.venv\Lib\site-packages\django\db\models\base.py", line 874, in save
    self.save_base(
    ~~~~~~~~~~~~~~^
        using=using,
        ^^^^^^^^^^^^
    ...<2 lines>...
        update_fields=update_fields,
        ^^^^^^^^^^^^^^^^^^^^^^^^^^^^
    )
    ^
  File "C:\Users\Gabriel Esperanza\Documents\Projects\UPang-Student-Feedback-and-Module-Evaluation-System\.venv\Lib\site-packages\django\db\models\base.py", line 966, in save_base
    updated = self._save_table(
        raw,
    ...<4 lines>...
        update_fields,
    )
  File "C:\Users\Gabriel Esperanza\Documents\Projects\UPang-Student-Feedback-and-Module-Evaluation-System\.venv\Lib\site-packages\django\db\models\base.py", line 1169, in _save_table
    results = self._do_insert(
        cls._base_manager, using, insert_fields, returning_fields, raw
    )
  File "C:\Users\Gabriel Esperanza\Documents\Projects\UPang-Student-Feedback-and-Module-Evaluation-System\.venv\Lib\site-packages\django\db\models\base.py", line 1220, in _do_insert
    return manager._insert(
           ~~~~~~~~~~~~~~~^
        [self],
        ^^^^^^^
    ...<3 lines>...
        raw=raw,
        ^^^^^^^^
    )
    ^
  File "C:\Users\Gabriel Esperanza\Documents\Projects\UPang-Student-Feedback-and-Module-Evaluation-System\.venv\Lib\site-packages\django\db\models\manager.py", line 87, in manager_method
    return getattr(self.get_queryset(), name)(*args, **kwargs)
           ~~~~~~~~~~~~~~~~~~~~~~~~~~~~~~~~~~^^^^^^^^^^^^^^^^^
  File "C:\Users\Gabriel Esperanza\Documents\Projects\UPang-Student-Feedback-and-Module-Evaluation-System\.venv\Lib\site-packages\django\db\models\query.py", line 1918, in _insert
    return query.get_compiler(using=using).execute_sql(returning_fields)
           ~~~~~~~~~~~~~~~~~~~~~~~~~~~~~~~~~~~~~~~~~~~^^^^^^^^^^^^^^^^^^
  File "C:\Users\Gabriel Esperanza\Documents\Projects\UPang-Student-Feedback-and-Module-Evaluation-System\.venv\Lib\site-packages\django\db\models\sql\compiler.py", line 1925, in execute_sql
    cursor.execute(sql, params)
    ~~~~~~~~~~~~~~^^^^^^^^^^^^^
  File "C:\Users\Gabriel Esperanza\Documents\Projects\UPang-Student-Feedback-and-Module-Evaluation-System\.venv\Lib\site-packages\django\db\backends\utils.py", line 122, in execute
    return super().execute(sql, params)
           ~~~~~~~~~~~~~~~^^^^^^^^^^^^^
  File "C:\Users\Gabriel Esperanza\Documents\Projects\UPang-Student-Feedback-and-Module-Evaluation-System\.venv\Lib\site-packages\django\db\backends\utils.py", line 79, in execute
    return self._execute_with_wrappers(
           ~~~~~~~~~~~~~~~~~~~~~~~~~~~^
        sql, params, many=False, executor=self._execute
        ^^^^^^^^^^^^^^^^^^^^^^^^^^^^^^^^^^^^^^^^^^^^^^^
    )
    ^
  File "C:\Users\Gabriel Esperanza\Documents\Projects\UPang-Student-Feedback-and-Module-Evaluation-System\.venv\Lib\site-packages\django\db\backends\utils.py", line 92, in _execute_with_wrappers
    return executor(sql, params, many, context)
  File "C:\Users\Gabriel Esperanza\Documents\Projects\UPang-Student-Feedback-and-Module-Evaluation-System\.venv\Lib\site-packages\django\db\backends\utils.py", line 100, in _execute
    with self.db.wrap_database_errors:
         ^^^^^^^^^^^^^^^^^^^^^^^^^^^^
  File "C:\Users\Gabriel Esperanza\Documents\Projects\UPang-Student-Feedback-and-Module-Evaluation-System\.venv\Lib\site-packages\django\db\utils.py", line 94, in __exit__
    raise dj_exc_value.with_traceback(traceback) from exc_value
  File "C:\Users\Gabriel Esperanza\Documents\Projects\UPang-Student-Feedback-and-Module-Evaluation-System\.venv\Lib\site-packages\django\db\backends\utils.py", line 105, in _execute
    return self.cursor.execute(sql, params)
           ~~~~~~~~~~~~~~~~~~~^^^^^^^^^^^^^
django.db.utils.ProgrammingError: column "enrolled_subjects" is of type text[] but expression is of type jsonb
LINE 1: ...2-12'::date, '03-1234-032803', 'CITE', 'BSIT', 3, '["ITE123 ...
                                                             ^
HINT:  You will need to rewrite or cast the expression.

ERROR 2026-02-09 20:49:43,503 log 25824 13064 Internal Server Error: /api/students/
Traceback (most recent call last):
  File "C:\Users\Gabriel Esperanza\Documents\Projects\UPang-Student-Feedback-and-Module-Evaluation-System\.venv\Lib\site-packages\django\db\backends\utils.py", line 105, in _execute
    return self.cursor.execute(sql, params)
           ~~~~~~~~~~~~~~~~~~~^^^^^^^^^^^^^
psycopg2.errors.DatatypeMismatch: column "enrolled_subjects" is of type text[] but expression is of type jsonb
LINE 1: ...2-12'::date, '03-1234-032803', 'CITE', 'BSIT', 3, '["ITE123 ...
                                                             ^
HINT:  You will need to rewrite or cast the expression.


The above exception was the direct cause of the following exception:

Traceback (most recent call last):
  File "C:\Users\Gabriel Esperanza\Documents\Projects\UPang-Student-Feedback-and-Module-Evaluation-System\.venv\Lib\site-packages\django\core\handlers\exception.py", line 55, in inner
    response = get_response(request)
  File "C:\Users\Gabriel Esperanza\Documents\Projects\UPang-Student-Feedback-and-Module-Evaluation-System\.venv\Lib\site-packages\django\core\handlers\base.py", line 198, in _get_response
    response = wrapped_callback(request, *callback_args, **callback_kwargs)
  File "C:\Users\Gabriel Esperanza\Documents\Projects\UPang-Student-Feedback-and-Module-Evaluation-System\.venv\Lib\site-packages\django\views\decorators\csrf.py", line 65, in _view_wrapper
    return view_func(request, *args, **kwargs)
  File "C:\Users\Gabriel Esperanza\Documents\Projects\UPang-Student-Feedback-and-Module-Evaluation-System\.venv\Lib\site-packages\django\views\generic\base.py", line 106, in view
    return self.dispatch(request, *args, **kwargs)
           ~~~~~~~~~~~~~^^^^^^^^^^^^^^^^^^^^^^^^^^
  File "C:\Users\Gabriel Esperanza\Documents\Projects\UPang-Student-Feedback-and-Module-Evaluation-System\.venv\Lib\site-packages\rest_framework\views.py", line 515, in dispatch
    response = self.handle_exception(exc)
  File "C:\Users\Gabriel Esperanza\Documents\Projects\UPang-Student-Feedback-and-Module-Evaluation-System\.venv\Lib\site-packages\rest_framework\views.py", line 475, in handle_exception
    self.raise_uncaught_exception(exc)
    ~~~~~~~~~~~~~~~~~~~~~~~~~~~~~^^^^^
  File "C:\Users\Gabriel Esperanza\Documents\Projects\UPang-Student-Feedback-and-Module-Evaluation-System\.venv\Lib\site-packages\rest_framework\views.py", line 486, in raise_uncaught_exception
    raise exc
  File "C:\Users\Gabriel Esperanza\Documents\Projects\UPang-Student-Feedback-and-Module-Evaluation-System\.venv\Lib\site-packages\rest_framework\views.py", line 512, in dispatch
    response = handler(request, *args, **kwargs)
  File "C:\Users\Gabriel Esperanza\Documents\Projects\UPang-Student-Feedback-and-Module-Evaluation-System\.venv\Lib\site-packages\rest_framework\generics.py", line 246, in post
    return self.create(request, *args, **kwargs)
           ~~~~~~~~~~~^^^^^^^^^^^^^^^^^^^^^^^^^^
  File "C:\Users\Gabriel Esperanza\Documents\Projects\UPang-Student-Feedback-and-Module-Evaluation-System\api\views.py", line 54, in create
    response = super().create(request, *args, **kwargs)
  File "C:\Users\Gabriel Esperanza\Documents\Projects\UPang-Student-Feedback-and-Module-Evaluation-System\.venv\Lib\site-packages\rest_framework\mixins.py", line 19, in create
    self.perform_create(serializer)
    ~~~~~~~~~~~~~~~~~~~^^^^^^^^^^^^
  File "C:\Users\Gabriel Esperanza\Documents\Projects\UPang-Student-Feedback-and-Module-Evaluation-System\.venv\Lib\site-packages\rest_framework\mixins.py", line 24, in perform_create
    serializer.save()
    ~~~~~~~~~~~~~~~^^
  File "C:\Users\Gabriel Esperanza\Documents\Projects\UPang-Student-Feedback-and-Module-Evaluation-System\.venv\Lib\site-packages\rest_framework\serializers.py", line 210, in save
    self.instance = self.create(validated_data)
                    ~~~~~~~~~~~^^^^^^^^^^^^^^^^
  File "C:\Users\Gabriel Esperanza\Documents\Projects\UPang-Student-Feedback-and-Module-Evaluation-System\api\serializers.py", line 53, in create
    student.save()
    ~~~~~~~~~~~~^^
  File "C:\Users\Gabriel Esperanza\Documents\Projects\UPang-Student-Feedback-and-Module-Evaluation-System\.venv\Lib\site-packages\django\db\models\base.py", line 874, in save
    self.save_base(
    ~~~~~~~~~~~~~~^
        using=using,
        ^^^^^^^^^^^^
    ...<2 lines>...
        update_fields=update_fields,
        ^^^^^^^^^^^^^^^^^^^^^^^^^^^^
    )
    ^
  File "C:\Users\Gabriel Esperanza\Documents\Projects\UPang-Student-Feedback-and-Module-Evaluation-System\.venv\Lib\site-packages\django\db\models\base.py", line 966, in save_base
    updated = self._save_table(
        raw,
    ...<4 lines>...
        update_fields,
    )
  File "C:\Users\Gabriel Esperanza\Documents\Projects\UPang-Student-Feedback-and-Module-Evaluation-System\.venv\Lib\site-packages\django\db\models\base.py", line 1169, in _save_table
    results = self._do_insert(
        cls._base_manager, using, insert_fields, returning_fields, raw
    )
  File "C:\Users\Gabriel Esperanza\Documents\Projects\UPang-Student-Feedback-and-Module-Evaluation-System\.venv\Lib\site-packages\django\db\models\base.py", line 1220, in _do_insert
    return manager._insert(
           ~~~~~~~~~~~~~~~^
        [self],
        ^^^^^^^
    ...<3 lines>...
        raw=raw,
        ^^^^^^^^
    )
    ^
  File "C:\Users\Gabriel Esperanza\Documents\Projects\UPang-Student-Feedback-and-Module-Evaluation-System\.venv\Lib\site-packages\django\db\models\manager.py", line 87, in manager_method
    return getattr(self.get_queryset(), name)(*args, **kwargs)
           ~~~~~~~~~~~~~~~~~~~~~~~~~~~~~~~~~~^^^^^^^^^^^^^^^^^
  File "C:\Users\Gabriel Esperanza\Documents\Projects\UPang-Student-Feedback-and-Module-Evaluation-System\.venv\Lib\site-packages\django\db\models\query.py", line 1918, in _insert
    return query.get_compiler(using=using).execute_sql(returning_fields)
           ~~~~~~~~~~~~~~~~~~~~~~~~~~~~~~~~~~~~~~~~~~~^^^^^^^^^^^^^^^^^^
  File "C:\Users\Gabriel Esperanza\Documents\Projects\UPang-Student-Feedback-and-Module-Evaluation-System\.venv\Lib\site-packages\django\db\models\sql\compiler.py", line 1925, in execute_sql
    cursor.execute(sql, params)
    ~~~~~~~~~~~~~~^^^^^^^^^^^^^
  File "C:\Users\Gabriel Esperanza\Documents\Projects\UPang-Student-Feedback-and-Module-Evaluation-System\.venv\Lib\site-packages\django\db\backends\utils.py", line 122, in execute
    return super().execute(sql, params)
           ~~~~~~~~~~~~~~~^^^^^^^^^^^^^
  File "C:\Users\Gabriel Esperanza\Documents\Projects\UPang-Student-Feedback-and-Module-Evaluation-System\.venv\Lib\site-packages\django\db\backends\utils.py", line 79, in execute
    return self._execute_with_wrappers(
           ~~~~~~~~~~~~~~~~~~~~~~~~~~~^
        sql, params, many=False, executor=self._execute
        ^^^^^^^^^^^^^^^^^^^^^^^^^^^^^^^^^^^^^^^^^^^^^^^
    )
    ^
  File "C:\Users\Gabriel Esperanza\Documents\Projects\UPang-Student-Feedback-and-Module-Evaluation-System\.venv\Lib\site-packages\django\db\backends\utils.py", line 92, in _execute_with_wrappers
    return executor(sql, params, many, context)
  File "C:\Users\Gabriel Esperanza\Documents\Projects\UPang-Student-Feedback-and-Module-Evaluation-System\.venv\Lib\site-packages\django\db\backends\utils.py", line 100, in _execute
    with self.db.wrap_database_errors:
         ^^^^^^^^^^^^^^^^^^^^^^^^^^^^
  File "C:\Users\Gabriel Esperanza\Documents\Projects\UPang-Student-Feedback-and-Module-Evaluation-System\.venv\Lib\site-packages\django\db\utils.py", line 94, in __exit__
    raise dj_exc_value.with_traceback(traceback) from exc_value
  File "C:\Users\Gabriel Esperanza\Documents\Projects\UPang-Student-Feedback-and-Module-Evaluation-System\.venv\Lib\site-packages\django\db\backends\utils.py", line 105, in _execute
    return self.cursor.execute(sql, params)
           ~~~~~~~~~~~~~~~~~~~^^^^^^^^^^^^^
django.db.utils.ProgrammingError: column "enrolled_subjects" is of type text[] but expression is of type jsonb
LINE 1: ...2-12'::date, '03-1234-032803', 'CITE', 'BSIT', 3, '["ITE123 ...
                                                             ^
HINT:  You will need to rewrite or cast the expression.

ERROR 2026-02-09 20:52:04,558 log 2920 8736 Internal Server Error: /api/students/
WARNING 2026-02-09 21:18:44,025 log 2920 20872 Not Found: /api/students/03-2324-032803/
WARNING 2026-02-09 21:18:49,297 log 2920 20872 Not Found: /api/students/03-2324-032803/
WARNING 2026-02-09 21:18:49,993 log 2920 20872 Not Found: /api/students/03-2324-032803/
WARNING 2026-02-09 21:18:50,688 log 2920 20872 Not Found: /api/students/03-2324-032803/
WARNING 2026-02-09 21:18:50,873 log 2920 20872 Not Found: /api/students/03-2324-032803/
WARNING 2026-02-09 21:20:02,726 log 2920 20872 Not Found: /api/students/03-2324-032803/
WARNING 2026-02-09 21:30:35,749 log 2920 15168 Method Not Allowed: /api/audit-logs/
WARNING 2026-02-09 21:32:50,302 log 2920 15168 Method Not Allowed: /api/audit-logs/
ERROR 2026-02-10 16:21:22,054 log 11428 19852 Internal Server Error: /api/evaluation-forms/
Traceback (most recent call last):
  File "C:\Users\Gabriel Esperanza\Documents\Projects\UPang-Student-Feedback-and-Module-Evaluation-System\.venv\Lib\site-packages\django\db\backends\utils.py", line 105, in _execute
    return self.cursor.execute(sql, params)
           ~~~~~~~~~~~~~~~~~~~^^^^^^^^^^^^^
psycopg2.errors.UndefinedTable: relation "evaluation_forms" does not exist
LINE 1: INSERT INTO "evaluation_forms" ("title", "form_type", "descr...
                    ^


The above exception was the direct cause of the following exception:

Traceback (most recent call last):
  File "C:\Users\Gabriel Esperanza\Documents\Projects\UPang-Student-Feedback-and-Module-Evaluation-System\.venv\Lib\site-packages\django\core\handlers\exception.py", line 55, in inner
    response = get_response(request)
  File "C:\Users\Gabriel Esperanza\Documents\Projects\UPang-Student-Feedback-and-Module-Evaluation-System\.venv\Lib\site-packages\django\core\handlers\base.py", line 198, in _get_response
    response = wrapped_callback(request, *callback_args, **callback_kwargs)
  File "C:\Users\Gabriel Esperanza\Documents\Projects\UPang-Student-Feedback-and-Module-Evaluation-System\.venv\Lib\site-packages\django\views\decorators\csrf.py", line 65, in _view_wrapper
    return view_func(request, *args, **kwargs)
  File "C:\Users\Gabriel Esperanza\Documents\Projects\UPang-Student-Feedback-and-Module-Evaluation-System\.venv\Lib\site-packages\django\views\generic\base.py", line 106, in view
    return self.dispatch(request, *args, **kwargs)
           ~~~~~~~~~~~~~^^^^^^^^^^^^^^^^^^^^^^^^^^
  File "C:\Users\Gabriel Esperanza\Documents\Projects\UPang-Student-Feedback-and-Module-Evaluation-System\.venv\Lib\site-packages\rest_framework\views.py", line 515, in dispatch
    response = self.handle_exception(exc)
  File "C:\Users\Gabriel Esperanza\Documents\Projects\UPang-Student-Feedback-and-Module-Evaluation-System\.venv\Lib\site-packages\rest_framework\views.py", line 475, in handle_exception
    self.raise_uncaught_exception(exc)
    ~~~~~~~~~~~~~~~~~~~~~~~~~~~~~^^^^^
  File "C:\Users\Gabriel Esperanza\Documents\Projects\UPang-Student-Feedback-and-Module-Evaluation-System\.venv\Lib\site-packages\rest_framework\views.py", line 486, in raise_uncaught_exception
    raise exc
  File "C:\Users\Gabriel Esperanza\Documents\Projects\UPang-Student-Feedback-and-Module-Evaluation-System\.venv\Lib\site-packages\rest_framework\views.py", line 512, in dispatch
    response = handler(request, *args, **kwargs)
  File "C:\Users\Gabriel Esperanza\Documents\Projects\UPang-Student-Feedback-and-Module-Evaluation-System\.venv\Lib\site-packages\rest_framework\generics.py", line 246, in post
    return self.create(request, *args, **kwargs)
           ~~~~~~~~~~~^^^^^^^^^^^^^^^^^^^^^^^^^^
  File "C:\Users\Gabriel Esperanza\Documents\Projects\UPang-Student-Feedback-and-Module-Evaluation-System\api\views.py", line 305, in create
    response = super().create(request, *args, **kwargs)
  File "C:\Users\Gabriel Esperanza\Documents\Projects\UPang-Student-Feedback-and-Module-Evaluation-System\.venv\Lib\site-packages\rest_framework\mixins.py", line 19, in create
    self.perform_create(serializer)
    ~~~~~~~~~~~~~~~~~~~^^^^^^^^^^^^
  File "C:\Users\Gabriel Esperanza\Documents\Projects\UPang-Student-Feedback-and-Module-Evaluation-System\.venv\Lib\site-packages\rest_framework\mixins.py", line 24, in perform_create
    serializer.save()
    ~~~~~~~~~~~~~~~^^
  File "C:\Users\Gabriel Esperanza\Documents\Projects\UPang-Student-Feedback-and-Module-Evaluation-System\.venv\Lib\site-packages\rest_framework\serializers.py", line 210, in save
    self.instance = self.create(validated_data)
                    ~~~~~~~~~~~^^^^^^^^^^^^^^^^
  File "C:\Users\Gabriel Esperanza\Documents\Projects\UPang-Student-Feedback-and-Module-Evaluation-System\.venv\Lib\site-packages\rest_framework\serializers.py", line 991, in create
    instance = ModelClass._default_manager.create(**validated_data)
  File "C:\Users\Gabriel Esperanza\Documents\Projects\UPang-Student-Feedback-and-Module-Evaluation-System\.venv\Lib\site-packages\django\db\models\manager.py", line 87, in manager_method
    return getattr(self.get_queryset(), name)(*args, **kwargs)
           ~~~~~~~~~~~~~~~~~~~~~~~~~~~~~~~~~~^^^^^^^^^^^^^^^^^
  File "C:\Users\Gabriel Esperanza\Documents\Projects\UPang-Student-Feedback-and-Module-Evaluation-System\.venv\Lib\site-packages\django\db\models\query.py", line 669, in create
    obj.save(force_insert=True, using=self.db)
    ~~~~~~~~^^^^^^^^^^^^^^^^^^^^^^^^^^^^^^^^^^
  File "C:\Users\Gabriel Esperanza\Documents\Projects\UPang-Student-Feedback-and-Module-Evaluation-System\.venv\Lib\site-packages\django\db\models\base.py", line 874, in save
    self.save_base(
    ~~~~~~~~~~~~~~^
        using=using,
        ^^^^^^^^^^^^
    ...<2 lines>...
        update_fields=update_fields,
        ^^^^^^^^^^^^^^^^^^^^^^^^^^^^
    )
    ^
  File "C:\Users\Gabriel Esperanza\Documents\Projects\UPang-Student-Feedback-and-Module-Evaluation-System\.venv\Lib\site-packages\django\db\models\base.py", line 966, in save_base
    updated = self._save_table(
        raw,
    ...<4 lines>...
        update_fields,
    )
  File "C:\Users\Gabriel Esperanza\Documents\Projects\UPang-Student-Feedback-and-Module-Evaluation-System\.venv\Lib\site-packages\django\db\models\base.py", line 1169, in _save_table
    results = self._do_insert(
        cls._base_manager, using, insert_fields, returning_fields, raw
    )
  File "C:\Users\Gabriel Esperanza\Documents\Projects\UPang-Student-Feedback-and-Module-Evaluation-System\.venv\Lib\site-packages\django\db\models\base.py", line 1220, in _do_insert
    return manager._insert(
           ~~~~~~~~~~~~~~~^
        [self],
        ^^^^^^^
    ...<3 lines>...
        raw=raw,
        ^^^^^^^^
    )
    ^
  File "C:\Users\Gabriel Esperanza\Documents\Projects\UPang-Student-Feedback-and-Module-Evaluation-System\.venv\Lib\site-packages\django\db\models\manager.py", line 87, in manager_method
    return getattr(self.get_queryset(), name)(*args, **kwargs)
           ~~~~~~~~~~~~~~~~~~~~~~~~~~~~~~~~~~^^^^^^^^^^^^^^^^^
  File "C:\Users\Gabriel Esperanza\Documents\Projects\UPang-Student-Feedback-and-Module-Evaluation-System\.venv\Lib\site-packages\django\db\models\query.py", line 1918, in _insert
    return query.get_compiler(using=using).execute_sql(returning_fields)
           ~~~~~~~~~~~~~~~~~~~~~~~~~~~~~~~~~~~~~~~~~~~^^^^^^^^^^^^^^^^^^
  File "C:\Users\Gabriel Esperanza\Documents\Projects\UPang-Student-Feedback-and-Module-Evaluation-System\.venv\Lib\site-packages\django\db\models\sql\compiler.py", line 1925, in execute_sql
    cursor.execute(sql, params)
    ~~~~~~~~~~~~~~^^^^^^^^^^^^^
  File "C:\Users\Gabriel Esperanza\Documents\Projects\UPang-Student-Feedback-and-Module-Evaluation-System\.venv\Lib\site-packages\django\db\backends\utils.py", line 122, in execute
    return super().execute(sql, params)
           ~~~~~~~~~~~~~~~^^^^^^^^^^^^^
  File "C:\Users\Gabriel Esperanza\Documents\Projects\UPang-Student-Feedback-and-Module-Evaluation-System\.venv\Lib\site-packages\django\db\backends\utils.py", line 79, in execute
    return self._execute_with_wrappers(
           ~~~~~~~~~~~~~~~~~~~~~~~~~~~^
        sql, params, many=False, executor=self._execute
        ^^^^^^^^^^^^^^^^^^^^^^^^^^^^^^^^^^^^^^^^^^^^^^^
    )
    ^
  File "C:\Users\Gabriel Esperanza\Documents\Projects\UPang-Student-Feedback-and-Module-Evaluation-System\.venv\Lib\site-packages\django\db\backends\utils.py", line 92, in _execute_with_wrappers
    return executor(sql, params, many, context)
  File "C:\Users\Gabriel Esperanza\Documents\Projects\UPang-Student-Feedback-and-Module-Evaluation-System\.venv\Lib\site-packages\django\db\backends\utils.py", line 100, in _execute
    with self.db.wrap_database_errors:
         ^^^^^^^^^^^^^^^^^^^^^^^^^^^^
  File "C:\Users\Gabriel Esperanza\Documents\Projects\UPang-Student-Feedback-and-Module-Evaluation-System\.venv\Lib\site-packages\django\db\utils.py", line 94, in __exit__
    raise dj_exc_value.with_traceback(traceback) from exc_value
  File "C:\Users\Gabriel Esperanza\Documents\Projects\UPang-Student-Feedback-and-Module-Evaluation-System\.venv\Lib\site-packages\django\db\backends\utils.py", line 105, in _execute
    return self.cursor.execute(sql, params)
           ~~~~~~~~~~~~~~~~~~~^^^^^^^^^^^^^
django.db.utils.ProgrammingError: relation "evaluation_forms" does not exist
LINE 1: INSERT INTO "evaluation_forms" ("title", "form_type", "descr...
                    ^

WARNING 2026-02-10 16:22:43,694 log 11428 19852 Not Found: /api/module-evaluation-forms/
WARNING 2026-02-10 16:24:36,519 log 11428 19852 Not Found: /api/module-evaluation-forms/
WARNING 2026-02-10 16:24:36,540 log 11428 19852 Not Found: /api/instructor-evaluation-forms/
WARNING 2026-02-10 16:24:36,549 log 11428 19852 Not Found: /api/module-evaluation-forms/
WARNING 2026-02-10 16:24:36,566 log 11428 19852 Not Found: /api/instructor-evaluation-forms/
ERROR 2026-02-10 16:37:45,998 log 14004 12416 Internal Server Error: /api/students/me/
Traceback (most recent call last):
  File "C:\Users\Gabriel Esperanza\Documents\Projects\UPang-Student-Feedback-and-Module-Evaluation-System\.venv\Lib\site-packages\django\core\handlers\exception.py", line 55, in inner
    response = get_response(request)
  File "C:\Users\Gabriel Esperanza\Documents\Projects\UPang-Student-Feedback-and-Module-Evaluation-System\.venv\Lib\site-packages\django\core\handlers\base.py", line 198, in _get_response
    response = wrapped_callback(request, *callback_args, **callback_kwargs)
  File "C:\Users\Gabriel Esperanza\Documents\Projects\UPang-Student-Feedback-and-Module-Evaluation-System\.venv\Lib\site-packages\django\views\decorators\csrf.py", line 65, in _view_wrapper
    return view_func(request, *args, **kwargs)
  File "C:\Users\Gabriel Esperanza\Documents\Projects\UPang-Student-Feedback-and-Module-Evaluation-System\.venv\Lib\site-packages\django\views\generic\base.py", line 106, in view
    return self.dispatch(request, *args, **kwargs)
           ~~~~~~~~~~~~~^^^^^^^^^^^^^^^^^^^^^^^^^^
  File "C:\Users\Gabriel Esperanza\Documents\Projects\UPang-Student-Feedback-and-Module-Evaluation-System\.venv\Lib\site-packages\rest_framework\views.py", line 517, in dispatch
    self.response = self.finalize_response(request, response, *args, **kwargs)
                    ~~~~~~~~~~~~~~~~~~~~~~^^^^^^^^^^^^^^^^^^^^^^^^^^^^^^^^^^^^
  File "C:\Users\Gabriel Esperanza\Documents\Projects\UPang-Student-Feedback-and-Module-Evaluation-System\.venv\Lib\site-packages\rest_framework\views.py", line 429, in finalize_response
    assert isinstance(response, HttpResponseBase), (
           ~~~~~~~~~~^^^^^^^^^^^^^^^^^^^^^^^^^^^^
AssertionError: Expected a `Response`, `HttpResponse` or `StreamingHttpResponse` to be returned from the view, but received a `<class 'NoneType'>`
ERROR 2026-02-10 16:37:46,223 log 14004 21376 Internal Server Error: /api/students/me/
Traceback (most recent call last):
  File "C:\Users\Gabriel Esperanza\Documents\Projects\UPang-Student-Feedback-and-Module-Evaluation-System\.venv\Lib\site-packages\django\core\handlers\exception.py", line 55, in inner
    response = get_response(request)
  File "C:\Users\Gabriel Esperanza\Documents\Projects\UPang-Student-Feedback-and-Module-Evaluation-System\.venv\Lib\site-packages\django\core\handlers\base.py", line 198, in _get_response
    response = wrapped_callback(request, *callback_args, **callback_kwargs)
  File "C:\Users\Gabriel Esperanza\Documents\Projects\UPang-Student-Feedback-and-Module-Evaluation-System\.venv\Lib\site-packages\django\views\decorators\csrf.py", line 65, in _view_wrapper
    return view_func(request, *args, **kwargs)
  File "C:\Users\Gabriel Esperanza\Documents\Projects\UPang-Student-Feedback-and-Module-Evaluation-System\.venv\Lib\site-packages\django\views\generic\base.py", line 106, in view
    return self.dispatch(request, *args, **kwargs)
           ~~~~~~~~~~~~~^^^^^^^^^^^^^^^^^^^^^^^^^^
  File "C:\Users\Gabriel Esperanza\Documents\Projects\UPang-Student-Feedback-and-Module-Evaluation-System\.venv\Lib\site-packages\rest_framework\views.py", line 517, in dispatch
    self.response = self.finalize_response(request, response, *args, **kwargs)
                    ~~~~~~~~~~~~~~~~~~~~~~^^^^^^^^^^^^^^^^^^^^^^^^^^^^^^^^^^^^
  File "C:\Users\Gabriel Esperanza\Documents\Projects\UPang-Student-Feedback-and-Module-Evaluation-System\.venv\Lib\site-packages\rest_framework\views.py", line 429, in finalize_response
    assert isinstance(response, HttpResponseBase), (
           ~~~~~~~~~~^^^^^^^^^^^^^^^^^^^^^^^^^^^^
AssertionError: Expected a `Response`, `HttpResponse` or `StreamingHttpResponse` to be returned from the view, but received a `<class 'NoneType'>`
ERROR 2026-02-10 16:37:46,241 log 14004 21376 Internal Server Error: /api/students/me/
Traceback (most recent call last):
  File "C:\Users\Gabriel Esperanza\Documents\Projects\UPang-Student-Feedback-and-Module-Evaluation-System\.venv\Lib\site-packages\django\core\handlers\exception.py", line 55, in inner
    response = get_response(request)
  File "C:\Users\Gabriel Esperanza\Documents\Projects\UPang-Student-Feedback-and-Module-Evaluation-System\.venv\Lib\site-packages\django\core\handlers\base.py", line 198, in _get_response
    response = wrapped_callback(request, *callback_args, **callback_kwargs)
  File "C:\Users\Gabriel Esperanza\Documents\Projects\UPang-Student-Feedback-and-Module-Evaluation-System\.venv\Lib\site-packages\django\views\decorators\csrf.py", line 65, in _view_wrapper
    return view_func(request, *args, **kwargs)
  File "C:\Users\Gabriel Esperanza\Documents\Projects\UPang-Student-Feedback-and-Module-Evaluation-System\.venv\Lib\site-packages\django\views\generic\base.py", line 106, in view
    return self.dispatch(request, *args, **kwargs)
           ~~~~~~~~~~~~~^^^^^^^^^^^^^^^^^^^^^^^^^^
  File "C:\Users\Gabriel Esperanza\Documents\Projects\UPang-Student-Feedback-and-Module-Evaluation-System\.venv\Lib\site-packages\rest_framework\views.py", line 517, in dispatch
    self.response = self.finalize_response(request, response, *args, **kwargs)
                    ~~~~~~~~~~~~~~~~~~~~~~^^^^^^^^^^^^^^^^^^^^^^^^^^^^^^^^^^^^
  File "C:\Users\Gabriel Esperanza\Documents\Projects\UPang-Student-Feedback-and-Module-Evaluation-System\.venv\Lib\site-packages\rest_framework\views.py", line 429, in finalize_response
    assert isinstance(response, HttpResponseBase), (
           ~~~~~~~~~~^^^^^^^^^^^^^^^^^^^^^^^^^^^^
AssertionError: Expected a `Response`, `HttpResponse` or `StreamingHttpResponse` to be returned from the view, but received a `<class 'NoneType'>`
ERROR 2026-02-10 16:38:38,407 log 23080 21748 Internal Server Error: /api/students/me/
Traceback (most recent call last):
  File "C:\Users\Gabriel Esperanza\Documents\Projects\UPang-Student-Feedback-and-Module-Evaluation-System\.venv\Lib\site-packages\django\core\handlers\exception.py", line 55, in inner
    response = get_response(request)
  File "C:\Users\Gabriel Esperanza\Documents\Projects\UPang-Student-Feedback-and-Module-Evaluation-System\.venv\Lib\site-packages\django\core\handlers\base.py", line 198, in _get_response
    response = wrapped_callback(request, *callback_args, **callback_kwargs)
  File "C:\Users\Gabriel Esperanza\Documents\Projects\UPang-Student-Feedback-and-Module-Evaluation-System\.venv\Lib\site-packages\django\views\decorators\csrf.py", line 65, in _view_wrapper
    return view_func(request, *args, **kwargs)
  File "C:\Users\Gabriel Esperanza\Documents\Projects\UPang-Student-Feedback-and-Module-Evaluation-System\.venv\Lib\site-packages\django\views\generic\base.py", line 106, in view
    return self.dispatch(request, *args, **kwargs)
           ~~~~~~~~~~~~~^^^^^^^^^^^^^^^^^^^^^^^^^^
  File "C:\Users\Gabriel Esperanza\Documents\Projects\UPang-Student-Feedback-and-Module-Evaluation-System\.venv\Lib\site-packages\rest_framework\views.py", line 517, in dispatch
    self.response = self.finalize_response(request, response, *args, **kwargs)
                    ~~~~~~~~~~~~~~~~~~~~~~^^^^^^^^^^^^^^^^^^^^^^^^^^^^^^^^^^^^
  File "C:\Users\Gabriel Esperanza\Documents\Projects\UPang-Student-Feedback-and-Module-Evaluation-System\.venv\Lib\site-packages\rest_framework\views.py", line 429, in finalize_response
    assert isinstance(response, HttpResponseBase), (
           ~~~~~~~~~~^^^^^^^^^^^^^^^^^^^^^^^^^^^^
AssertionError: Expected a `Response`, `HttpResponse` or `StreamingHttpResponse` to be returned from the view, but received a `<class 'NoneType'>`
ERROR 2026-02-10 16:38:38,426 log 23080 21748 Internal Server Error: /api/students/me/
Traceback (most recent call last):
  File "C:\Users\Gabriel Esperanza\Documents\Projects\UPang-Student-Feedback-and-Module-Evaluation-System\.venv\Lib\site-packages\django\core\handlers\exception.py", line 55, in inner
    response = get_response(request)
  File "C:\Users\Gabriel Esperanza\Documents\Projects\UPang-Student-Feedback-and-Module-Evaluation-System\.venv\Lib\site-packages\django\core\handlers\base.py", line 198, in _get_response
    response = wrapped_callback(request, *callback_args, **callback_kwargs)
  File "C:\Users\Gabriel Esperanza\Documents\Projects\UPang-Student-Feedback-and-Module-Evaluation-System\.venv\Lib\site-packages\django\views\decorators\csrf.py", line 65, in _view_wrapper
    return view_func(request, *args, **kwargs)
  File "C:\Users\Gabriel Esperanza\Documents\Projects\UPang-Student-Feedback-and-Module-Evaluation-System\.venv\Lib\site-packages\django\views\generic\base.py", line 106, in view
    return self.dispatch(request, *args, **kwargs)
           ~~~~~~~~~~~~~^^^^^^^^^^^^^^^^^^^^^^^^^^
  File "C:\Users\Gabriel Esperanza\Documents\Projects\UPang-Student-Feedback-and-Module-Evaluation-System\.venv\Lib\site-packages\rest_framework\views.py", line 517, in dispatch
    self.response = self.finalize_response(request, response, *args, **kwargs)
                    ~~~~~~~~~~~~~~~~~~~~~~^^^^^^^^^^^^^^^^^^^^^^^^^^^^^^^^^^^^
  File "C:\Users\Gabriel Esperanza\Documents\Projects\UPang-Student-Feedback-and-Module-Evaluation-System\.venv\Lib\site-packages\rest_framework\views.py", line 429, in finalize_response
    assert isinstance(response, HttpResponseBase), (
           ~~~~~~~~~~^^^^^^^^^^^^^^^^^^^^^^^^^^^^
AssertionError: Expected a `Response`, `HttpResponse` or `StreamingHttpResponse` to be returned from the view, but received a `<class 'NoneType'>`
ERROR 2026-02-10 16:38:40,326 log 23080 21748 Internal Server Error: /api/students/me/
Traceback (most recent call last):
  File "C:\Users\Gabriel Esperanza\Documents\Projects\UPang-Student-Feedback-and-Module-Evaluation-System\.venv\Lib\site-packages\django\core\handlers\exception.py", line 55, in inner
    response = get_response(request)
  File "C:\Users\Gabriel Esperanza\Documents\Projects\UPang-Student-Feedback-and-Module-Evaluation-System\.venv\Lib\site-packages\django\core\handlers\base.py", line 198, in _get_response
    response = wrapped_callback(request, *callback_args, **callback_kwargs)
  File "C:\Users\Gabriel Esperanza\Documents\Projects\UPang-Student-Feedback-and-Module-Evaluation-System\.venv\Lib\site-packages\django\views\decorators\csrf.py", line 65, in _view_wrapper
    return view_func(request, *args, **kwargs)
  File "C:\Users\Gabriel Esperanza\Documents\Projects\UPang-Student-Feedback-and-Module-Evaluation-System\.venv\Lib\site-packages\django\views\generic\base.py", line 106, in view
    return self.dispatch(request, *args, **kwargs)
           ~~~~~~~~~~~~~^^^^^^^^^^^^^^^^^^^^^^^^^^
  File "C:\Users\Gabriel Esperanza\Documents\Projects\UPang-Student-Feedback-and-Module-Evaluation-System\.venv\Lib\site-packages\rest_framework\views.py", line 517, in dispatch
    self.response = self.finalize_response(request, response, *args, **kwargs)
                    ~~~~~~~~~~~~~~~~~~~~~~^^^^^^^^^^^^^^^^^^^^^^^^^^^^^^^^^^^^
  File "C:\Users\Gabriel Esperanza\Documents\Projects\UPang-Student-Feedback-and-Module-Evaluation-System\.venv\Lib\site-packages\rest_framework\views.py", line 429, in finalize_response
    assert isinstance(response, HttpResponseBase), (
           ~~~~~~~~~~^^^^^^^^^^^^^^^^^^^^^^^^^^^^
AssertionError: Expected a `Response`, `HttpResponse` or `StreamingHttpResponse` to be returned from the view, but received a `<class 'NoneType'>`
ERROR 2026-02-10 16:38:46,017 log 23080 21748 Internal Server Error: /api/students/me/
Traceback (most recent call last):
  File "C:\Users\Gabriel Esperanza\Documents\Projects\UPang-Student-Feedback-and-Module-Evaluation-System\.venv\Lib\site-packages\django\core\handlers\exception.py", line 55, in inner
    response = get_response(request)
  File "C:\Users\Gabriel Esperanza\Documents\Projects\UPang-Student-Feedback-and-Module-Evaluation-System\.venv\Lib\site-packages\django\core\handlers\base.py", line 198, in _get_response
    response = wrapped_callback(request, *callback_args, **callback_kwargs)
  File "C:\Users\Gabriel Esperanza\Documents\Projects\UPang-Student-Feedback-and-Module-Evaluation-System\.venv\Lib\site-packages\django\views\decorators\csrf.py", line 65, in _view_wrapper
    return view_func(request, *args, **kwargs)
  File "C:\Users\Gabriel Esperanza\Documents\Projects\UPang-Student-Feedback-and-Module-Evaluation-System\.venv\Lib\site-packages\django\views\generic\base.py", line 106, in view
    return self.dispatch(request, *args, **kwargs)
           ~~~~~~~~~~~~~^^^^^^^^^^^^^^^^^^^^^^^^^^
  File "C:\Users\Gabriel Esperanza\Documents\Projects\UPang-Student-Feedback-and-Module-Evaluation-System\.venv\Lib\site-packages\rest_framework\views.py", line 517, in dispatch
    self.response = self.finalize_response(request, response, *args, **kwargs)
                    ~~~~~~~~~~~~~~~~~~~~~~^^^^^^^^^^^^^^^^^^^^^^^^^^^^^^^^^^^^
  File "C:\Users\Gabriel Esperanza\Documents\Projects\UPang-Student-Feedback-and-Module-Evaluation-System\.venv\Lib\site-packages\rest_framework\views.py", line 429, in finalize_response
    assert isinstance(response, HttpResponseBase), (
           ~~~~~~~~~~^^^^^^^^^^^^^^^^^^^^^^^^^^^^
AssertionError: Expected a `Response`, `HttpResponse` or `StreamingHttpResponse` to be returned from the view, but received a `<class 'NoneType'>`
ERROR 2026-02-10 16:38:46,077 log 23080 21580 Internal Server Error: /api/students/me/
Traceback (most recent call last):
  File "C:\Users\Gabriel Esperanza\Documents\Projects\UPang-Student-Feedback-and-Module-Evaluation-System\.venv\Lib\site-packages\django\core\handlers\exception.py", line 55, in inner
    response = get_response(request)
  File "C:\Users\Gabriel Esperanza\Documents\Projects\UPang-Student-Feedback-and-Module-Evaluation-System\.venv\Lib\site-packages\django\core\handlers\base.py", line 198, in _get_response
    response = wrapped_callback(request, *callback_args, **callback_kwargs)
  File "C:\Users\Gabriel Esperanza\Documents\Projects\UPang-Student-Feedback-and-Module-Evaluation-System\.venv\Lib\site-packages\django\views\decorators\csrf.py", line 65, in _view_wrapper
    return view_func(request, *args, **kwargs)
  File "C:\Users\Gabriel Esperanza\Documents\Projects\UPang-Student-Feedback-and-Module-Evaluation-System\.venv\Lib\site-packages\django\views\generic\base.py", line 106, in view
    return self.dispatch(request, *args, **kwargs)
           ~~~~~~~~~~~~~^^^^^^^^^^^^^^^^^^^^^^^^^^
  File "C:\Users\Gabriel Esperanza\Documents\Projects\UPang-Student-Feedback-and-Module-Evaluation-System\.venv\Lib\site-packages\rest_framework\views.py", line 517, in dispatch
    self.response = self.finalize_response(request, response, *args, **kwargs)
                    ~~~~~~~~~~~~~~~~~~~~~~^^^^^^^^^^^^^^^^^^^^^^^^^^^^^^^^^^^^
  File "C:\Users\Gabriel Esperanza\Documents\Projects\UPang-Student-Feedback-and-Module-Evaluation-System\.venv\Lib\site-packages\rest_framework\views.py", line 429, in finalize_response
    assert isinstance(response, HttpResponseBase), (
           ~~~~~~~~~~^^^^^^^^^^^^^^^^^^^^^^^^^^^^
AssertionError: Expected a `Response`, `HttpResponse` or `StreamingHttpResponse` to be returned from the view, but received a `<class 'NoneType'>`
ERROR 2026-02-10 16:38:51,425 log 23080 21580 Internal Server Error: /api/students/me/
Traceback (most recent call last):
  File "C:\Users\Gabriel Esperanza\Documents\Projects\UPang-Student-Feedback-and-Module-Evaluation-System\.venv\Lib\site-packages\django\core\handlers\exception.py", line 55, in inner
    response = get_response(request)
  File "C:\Users\Gabriel Esperanza\Documents\Projects\UPang-Student-Feedback-and-Module-Evaluation-System\.venv\Lib\site-packages\django\core\handlers\base.py", line 198, in _get_response
    response = wrapped_callback(request, *callback_args, **callback_kwargs)
  File "C:\Users\Gabriel Esperanza\Documents\Projects\UPang-Student-Feedback-and-Module-Evaluation-System\.venv\Lib\site-packages\django\views\decorators\csrf.py", line 65, in _view_wrapper
    return view_func(request, *args, **kwargs)
  File "C:\Users\Gabriel Esperanza\Documents\Projects\UPang-Student-Feedback-and-Module-Evaluation-System\.venv\Lib\site-packages\django\views\generic\base.py", line 106, in view
    return self.dispatch(request, *args, **kwargs)
           ~~~~~~~~~~~~~^^^^^^^^^^^^^^^^^^^^^^^^^^
  File "C:\Users\Gabriel Esperanza\Documents\Projects\UPang-Student-Feedback-and-Module-Evaluation-System\.venv\Lib\site-packages\rest_framework\views.py", line 517, in dispatch
    self.response = self.finalize_response(request, response, *args, **kwargs)
                    ~~~~~~~~~~~~~~~~~~~~~~^^^^^^^^^^^^^^^^^^^^^^^^^^^^^^^^^^^^
  File "C:\Users\Gabriel Esperanza\Documents\Projects\UPang-Student-Feedback-and-Module-Evaluation-System\.venv\Lib\site-packages\rest_framework\views.py", line 429, in finalize_response
    assert isinstance(response, HttpResponseBase), (
           ~~~~~~~~~~^^^^^^^^^^^^^^^^^^^^^^^^^^^^
AssertionError: Expected a `Response`, `HttpResponse` or `StreamingHttpResponse` to be returned from the view, but received a `<class 'NoneType'>`
ERROR 2026-02-10 16:38:51,444 log 23080 21748 Internal Server Error: /api/students/me/
Traceback (most recent call last):
  File "C:\Users\Gabriel Esperanza\Documents\Projects\UPang-Student-Feedback-and-Module-Evaluation-System\.venv\Lib\site-packages\django\core\handlers\exception.py", line 55, in inner
    response = get_response(request)
  File "C:\Users\Gabriel Esperanza\Documents\Projects\UPang-Student-Feedback-and-Module-Evaluation-System\.venv\Lib\site-packages\django\core\handlers\base.py", line 198, in _get_response
    response = wrapped_callback(request, *callback_args, **callback_kwargs)
  File "C:\Users\Gabriel Esperanza\Documents\Projects\UPang-Student-Feedback-and-Module-Evaluation-System\.venv\Lib\site-packages\django\views\decorators\csrf.py", line 65, in _view_wrapper
    return view_func(request, *args, **kwargs)
  File "C:\Users\Gabriel Esperanza\Documents\Projects\UPang-Student-Feedback-and-Module-Evaluation-System\.venv\Lib\site-packages\django\views\generic\base.py", line 106, in view
    return self.dispatch(request, *args, **kwargs)
           ~~~~~~~~~~~~~^^^^^^^^^^^^^^^^^^^^^^^^^^
  File "C:\Users\Gabriel Esperanza\Documents\Projects\UPang-Student-Feedback-and-Module-Evaluation-System\.venv\Lib\site-packages\rest_framework\views.py", line 517, in dispatch
    self.response = self.finalize_response(request, response, *args, **kwargs)
                    ~~~~~~~~~~~~~~~~~~~~~~^^^^^^^^^^^^^^^^^^^^^^^^^^^^^^^^^^^^
  File "C:\Users\Gabriel Esperanza\Documents\Projects\UPang-Student-Feedback-and-Module-Evaluation-System\.venv\Lib\site-packages\rest_framework\views.py", line 429, in finalize_response
    assert isinstance(response, HttpResponseBase), (
           ~~~~~~~~~~^^^^^^^^^^^^^^^^^^^^^^^^^^^^
AssertionError: Expected a `Response`, `HttpResponse` or `StreamingHttpResponse` to be returned from the view, but received a `<class 'NoneType'>`
ERROR 2026-02-10 16:38:52,363 log 23080 21748 Internal Server Error: /api/students/me/
Traceback (most recent call last):
  File "C:\Users\Gabriel Esperanza\Documents\Projects\UPang-Student-Feedback-and-Module-Evaluation-System\.venv\Lib\site-packages\django\core\handlers\exception.py", line 55, in inner
    response = get_response(request)
  File "C:\Users\Gabriel Esperanza\Documents\Projects\UPang-Student-Feedback-and-Module-Evaluation-System\.venv\Lib\site-packages\django\core\handlers\base.py", line 198, in _get_response
    response = wrapped_callback(request, *callback_args, **callback_kwargs)
  File "C:\Users\Gabriel Esperanza\Documents\Projects\UPang-Student-Feedback-and-Module-Evaluation-System\.venv\Lib\site-packages\django\views\decorators\csrf.py", line 65, in _view_wrapper
    return view_func(request, *args, **kwargs)
  File "C:\Users\Gabriel Esperanza\Documents\Projects\UPang-Student-Feedback-and-Module-Evaluation-System\.venv\Lib\site-packages\django\views\generic\base.py", line 106, in view
    return self.dispatch(request, *args, **kwargs)
           ~~~~~~~~~~~~~^^^^^^^^^^^^^^^^^^^^^^^^^^
  File "C:\Users\Gabriel Esperanza\Documents\Projects\UPang-Student-Feedback-and-Module-Evaluation-System\.venv\Lib\site-packages\rest_framework\views.py", line 517, in dispatch
    self.response = self.finalize_response(request, response, *args, **kwargs)
                    ~~~~~~~~~~~~~~~~~~~~~~^^^^^^^^^^^^^^^^^^^^^^^^^^^^^^^^^^^^
  File "C:\Users\Gabriel Esperanza\Documents\Projects\UPang-Student-Feedback-and-Module-Evaluation-System\.venv\Lib\site-packages\rest_framework\views.py", line 429, in finalize_response
    assert isinstance(response, HttpResponseBase), (
           ~~~~~~~~~~^^^^^^^^^^^^^^^^^^^^^^^^^^^^
AssertionError: Expected a `Response`, `HttpResponse` or `StreamingHttpResponse` to be returned from the view, but received a `<class 'NoneType'>`
ERROR 2026-02-10 16:38:52,392 log 23080 21580 Internal Server Error: /api/students/me/
Traceback (most recent call last):
  File "C:\Users\Gabriel Esperanza\Documents\Projects\UPang-Student-Feedback-and-Module-Evaluation-System\.venv\Lib\site-packages\django\core\handlers\exception.py", line 55, in inner
    response = get_response(request)
  File "C:\Users\Gabriel Esperanza\Documents\Projects\UPang-Student-Feedback-and-Module-Evaluation-System\.venv\Lib\site-packages\django\core\handlers\base.py", line 198, in _get_response
    response = wrapped_callback(request, *callback_args, **callback_kwargs)
  File "C:\Users\Gabriel Esperanza\Documents\Projects\UPang-Student-Feedback-and-Module-Evaluation-System\.venv\Lib\site-packages\django\views\decorators\csrf.py", line 65, in _view_wrapper
    return view_func(request, *args, **kwargs)
  File "C:\Users\Gabriel Esperanza\Documents\Projects\UPang-Student-Feedback-and-Module-Evaluation-System\.venv\Lib\site-packages\django\views\generic\base.py", line 106, in view
    return self.dispatch(request, *args, **kwargs)
           ~~~~~~~~~~~~~^^^^^^^^^^^^^^^^^^^^^^^^^^
  File "C:\Users\Gabriel Esperanza\Documents\Projects\UPang-Student-Feedback-and-Module-Evaluation-System\.venv\Lib\site-packages\rest_framework\views.py", line 517, in dispatch
    self.response = self.finalize_response(request, response, *args, **kwargs)
                    ~~~~~~~~~~~~~~~~~~~~~~^^^^^^^^^^^^^^^^^^^^^^^^^^^^^^^^^^^^
  File "C:\Users\Gabriel Esperanza\Documents\Projects\UPang-Student-Feedback-and-Module-Evaluation-System\.venv\Lib\site-packages\rest_framework\views.py", line 429, in finalize_response
    assert isinstance(response, HttpResponseBase), (
           ~~~~~~~~~~^^^^^^^^^^^^^^^^^^^^^^^^^^^^
AssertionError: Expected a `Response`, `HttpResponse` or `StreamingHttpResponse` to be returned from the view, but received a `<class 'NoneType'>`
ERROR 2026-02-10 16:38:53,739 log 23080 21580 Internal Server Error: /api/students/me/
Traceback (most recent call last):
  File "C:\Users\Gabriel Esperanza\Documents\Projects\UPang-Student-Feedback-and-Module-Evaluation-System\.venv\Lib\site-packages\django\core\handlers\exception.py", line 55, in inner
    response = get_response(request)
  File "C:\Users\Gabriel Esperanza\Documents\Projects\UPang-Student-Feedback-and-Module-Evaluation-System\.venv\Lib\site-packages\django\core\handlers\base.py", line 198, in _get_response
    response = wrapped_callback(request, *callback_args, **callback_kwargs)
  File "C:\Users\Gabriel Esperanza\Documents\Projects\UPang-Student-Feedback-and-Module-Evaluation-System\.venv\Lib\site-packages\django\views\decorators\csrf.py", line 65, in _view_wrapper
    return view_func(request, *args, **kwargs)
  File "C:\Users\Gabriel Esperanza\Documents\Projects\UPang-Student-Feedback-and-Module-Evaluation-System\.venv\Lib\site-packages\django\views\generic\base.py", line 106, in view
    return self.dispatch(request, *args, **kwargs)
           ~~~~~~~~~~~~~^^^^^^^^^^^^^^^^^^^^^^^^^^
  File "C:\Users\Gabriel Esperanza\Documents\Projects\UPang-Student-Feedback-and-Module-Evaluation-System\.venv\Lib\site-packages\rest_framework\views.py", line 517, in dispatch
    self.response = self.finalize_response(request, response, *args, **kwargs)
                    ~~~~~~~~~~~~~~~~~~~~~~^^^^^^^^^^^^^^^^^^^^^^^^^^^^^^^^^^^^
  File "C:\Users\Gabriel Esperanza\Documents\Projects\UPang-Student-Feedback-and-Module-Evaluation-System\.venv\Lib\site-packages\rest_framework\views.py", line 429, in finalize_response
    assert isinstance(response, HttpResponseBase), (
           ~~~~~~~~~~^^^^^^^^^^^^^^^^^^^^^^^^^^^^
AssertionError: Expected a `Response`, `HttpResponse` or `StreamingHttpResponse` to be returned from the view, but received a `<class 'NoneType'>`
ERROR 2026-02-10 16:38:53,756 log 23080 21748 Internal Server Error: /api/students/me/
Traceback (most recent call last):
  File "C:\Users\Gabriel Esperanza\Documents\Projects\UPang-Student-Feedback-and-Module-Evaluation-System\.venv\Lib\site-packages\django\core\handlers\exception.py", line 55, in inner
    response = get_response(request)
  File "C:\Users\Gabriel Esperanza\Documents\Projects\UPang-Student-Feedback-and-Module-Evaluation-System\.venv\Lib\site-packages\django\core\handlers\base.py", line 198, in _get_response
    response = wrapped_callback(request, *callback_args, **callback_kwargs)
  File "C:\Users\Gabriel Esperanza\Documents\Projects\UPang-Student-Feedback-and-Module-Evaluation-System\.venv\Lib\site-packages\django\views\decorators\csrf.py", line 65, in _view_wrapper
    return view_func(request, *args, **kwargs)
  File "C:\Users\Gabriel Esperanza\Documents\Projects\UPang-Student-Feedback-and-Module-Evaluation-System\.venv\Lib\site-packages\django\views\generic\base.py", line 106, in view
    return self.dispatch(request, *args, **kwargs)
           ~~~~~~~~~~~~~^^^^^^^^^^^^^^^^^^^^^^^^^^
  File "C:\Users\Gabriel Esperanza\Documents\Projects\UPang-Student-Feedback-and-Module-Evaluation-System\.venv\Lib\site-packages\rest_framework\views.py", line 517, in dispatch
    self.response = self.finalize_response(request, response, *args, **kwargs)
                    ~~~~~~~~~~~~~~~~~~~~~~^^^^^^^^^^^^^^^^^^^^^^^^^^^^^^^^^^^^
  File "C:\Users\Gabriel Esperanza\Documents\Projects\UPang-Student-Feedback-and-Module-Evaluation-System\.venv\Lib\site-packages\rest_framework\views.py", line 429, in finalize_response
    assert isinstance(response, HttpResponseBase), (
           ~~~~~~~~~~^^^^^^^^^^^^^^^^^^^^^^^^^^^^
AssertionError: Expected a `Response`, `HttpResponse` or `StreamingHttpResponse` to be returned from the view, but received a `<class 'NoneType'>`
ERROR 2026-02-10 16:38:54,426 log 23080 21748 Internal Server Error: /api/students/me/
Traceback (most recent call last):
  File "C:\Users\Gabriel Esperanza\Documents\Projects\UPang-Student-Feedback-and-Module-Evaluation-System\.venv\Lib\site-packages\django\core\handlers\exception.py", line 55, in inner
    response = get_response(request)
  File "C:\Users\Gabriel Esperanza\Documents\Projects\UPang-Student-Feedback-and-Module-Evaluation-System\.venv\Lib\site-packages\django\core\handlers\base.py", line 198, in _get_response
    response = wrapped_callback(request, *callback_args, **callback_kwargs)
  File "C:\Users\Gabriel Esperanza\Documents\Projects\UPang-Student-Feedback-and-Module-Evaluation-System\.venv\Lib\site-packages\django\views\decorators\csrf.py", line 65, in _view_wrapper
    return view_func(request, *args, **kwargs)
  File "C:\Users\Gabriel Esperanza\Documents\Projects\UPang-Student-Feedback-and-Module-Evaluation-System\.venv\Lib\site-packages\django\views\generic\base.py", line 106, in view
    return self.dispatch(request, *args, **kwargs)
           ~~~~~~~~~~~~~^^^^^^^^^^^^^^^^^^^^^^^^^^
  File "C:\Users\Gabriel Esperanza\Documents\Projects\UPang-Student-Feedback-and-Module-Evaluation-System\.venv\Lib\site-packages\rest_framework\views.py", line 517, in dispatch
    self.response = self.finalize_response(request, response, *args, **kwargs)
                    ~~~~~~~~~~~~~~~~~~~~~~^^^^^^^^^^^^^^^^^^^^^^^^^^^^^^^^^^^^
  File "C:\Users\Gabriel Esperanza\Documents\Projects\UPang-Student-Feedback-and-Module-Evaluation-System\.venv\Lib\site-packages\rest_framework\views.py", line 429, in finalize_response
    assert isinstance(response, HttpResponseBase), (
           ~~~~~~~~~~^^^^^^^^^^^^^^^^^^^^^^^^^^^^
AssertionError: Expected a `Response`, `HttpResponse` or `StreamingHttpResponse` to be returned from the view, but received a `<class 'NoneType'>`
ERROR 2026-02-10 16:38:54,455 log 23080 21580 Internal Server Error: /api/students/me/
Traceback (most recent call last):
  File "C:\Users\Gabriel Esperanza\Documents\Projects\UPang-Student-Feedback-and-Module-Evaluation-System\.venv\Lib\site-packages\django\core\handlers\exception.py", line 55, in inner
    response = get_response(request)
  File "C:\Users\Gabriel Esperanza\Documents\Projects\UPang-Student-Feedback-and-Module-Evaluation-System\.venv\Lib\site-packages\django\core\handlers\base.py", line 198, in _get_response
    response = wrapped_callback(request, *callback_args, **callback_kwargs)
  File "C:\Users\Gabriel Esperanza\Documents\Projects\UPang-Student-Feedback-and-Module-Evaluation-System\.venv\Lib\site-packages\django\views\decorators\csrf.py", line 65, in _view_wrapper
    return view_func(request, *args, **kwargs)
  File "C:\Users\Gabriel Esperanza\Documents\Projects\UPang-Student-Feedback-and-Module-Evaluation-System\.venv\Lib\site-packages\django\views\generic\base.py", line 106, in view
    return self.dispatch(request, *args, **kwargs)
           ~~~~~~~~~~~~~^^^^^^^^^^^^^^^^^^^^^^^^^^
  File "C:\Users\Gabriel Esperanza\Documents\Projects\UPang-Student-Feedback-and-Module-Evaluation-System\.venv\Lib\site-packages\rest_framework\views.py", line 517, in dispatch
    self.response = self.finalize_response(request, response, *args, **kwargs)
                    ~~~~~~~~~~~~~~~~~~~~~~^^^^^^^^^^^^^^^^^^^^^^^^^^^^^^^^^^^^
  File "C:\Users\Gabriel Esperanza\Documents\Projects\UPang-Student-Feedback-and-Module-Evaluation-System\.venv\Lib\site-packages\rest_framework\views.py", line 429, in finalize_response
    assert isinstance(response, HttpResponseBase), (
           ~~~~~~~~~~^^^^^^^^^^^^^^^^^^^^^^^^^^^^
AssertionError: Expected a `Response`, `HttpResponse` or `StreamingHttpResponse` to be returned from the view, but received a `<class 'NoneType'>`
ERROR 2026-02-10 16:39:06,583 log 23080 21580 Internal Server Error: /api/students/me/
Traceback (most recent call last):
  File "C:\Users\Gabriel Esperanza\Documents\Projects\UPang-Student-Feedback-and-Module-Evaluation-System\.venv\Lib\site-packages\django\core\handlers\exception.py", line 55, in inner
    response = get_response(request)
  File "C:\Users\Gabriel Esperanza\Documents\Projects\UPang-Student-Feedback-and-Module-Evaluation-System\.venv\Lib\site-packages\django\core\handlers\base.py", line 198, in _get_response
    response = wrapped_callback(request, *callback_args, **callback_kwargs)
  File "C:\Users\Gabriel Esperanza\Documents\Projects\UPang-Student-Feedback-and-Module-Evaluation-System\.venv\Lib\site-packages\django\views\decorators\csrf.py", line 65, in _view_wrapper
    return view_func(request, *args, **kwargs)
  File "C:\Users\Gabriel Esperanza\Documents\Projects\UPang-Student-Feedback-and-Module-Evaluation-System\.venv\Lib\site-packages\django\views\generic\base.py", line 106, in view
    return self.dispatch(request, *args, **kwargs)
           ~~~~~~~~~~~~~^^^^^^^^^^^^^^^^^^^^^^^^^^
  File "C:\Users\Gabriel Esperanza\Documents\Projects\UPang-Student-Feedback-and-Module-Evaluation-System\.venv\Lib\site-packages\rest_framework\views.py", line 517, in dispatch
    self.response = self.finalize_response(request, response, *args, **kwargs)
                    ~~~~~~~~~~~~~~~~~~~~~~^^^^^^^^^^^^^^^^^^^^^^^^^^^^^^^^^^^^
  File "C:\Users\Gabriel Esperanza\Documents\Projects\UPang-Student-Feedback-and-Module-Evaluation-System\.venv\Lib\site-packages\rest_framework\views.py", line 429, in finalize_response
    assert isinstance(response, HttpResponseBase), (
           ~~~~~~~~~~^^^^^^^^^^^^^^^^^^^^^^^^^^^^
AssertionError: Expected a `Response`, `HttpResponse` or `StreamingHttpResponse` to be returned from the view, but received a `<class 'NoneType'>`
ERROR 2026-02-10 16:39:06,621 log 23080 21748 Internal Server Error: /api/students/me/
Traceback (most recent call last):
  File "C:\Users\Gabriel Esperanza\Documents\Projects\UPang-Student-Feedback-and-Module-Evaluation-System\.venv\Lib\site-packages\django\core\handlers\exception.py", line 55, in inner
    response = get_response(request)
  File "C:\Users\Gabriel Esperanza\Documents\Projects\UPang-Student-Feedback-and-Module-Evaluation-System\.venv\Lib\site-packages\django\core\handlers\base.py", line 198, in _get_response
    response = wrapped_callback(request, *callback_args, **callback_kwargs)
  File "C:\Users\Gabriel Esperanza\Documents\Projects\UPang-Student-Feedback-and-Module-Evaluation-System\.venv\Lib\site-packages\django\views\decorators\csrf.py", line 65, in _view_wrapper
    return view_func(request, *args, **kwargs)
  File "C:\Users\Gabriel Esperanza\Documents\Projects\UPang-Student-Feedback-and-Module-Evaluation-System\.venv\Lib\site-packages\django\views\generic\base.py", line 106, in view
    return self.dispatch(request, *args, **kwargs)
           ~~~~~~~~~~~~~^^^^^^^^^^^^^^^^^^^^^^^^^^
  File "C:\Users\Gabriel Esperanza\Documents\Projects\UPang-Student-Feedback-and-Module-Evaluation-System\.venv\Lib\site-packages\rest_framework\views.py", line 517, in dispatch
    self.response = self.finalize_response(request, response, *args, **kwargs)
                    ~~~~~~~~~~~~~~~~~~~~~~^^^^^^^^^^^^^^^^^^^^^^^^^^^^^^^^^^^^
  File "C:\Users\Gabriel Esperanza\Documents\Projects\UPang-Student-Feedback-and-Module-Evaluation-System\.venv\Lib\site-packages\rest_framework\views.py", line 429, in finalize_response
    assert isinstance(response, HttpResponseBase), (
           ~~~~~~~~~~^^^^^^^^^^^^^^^^^^^^^^^^^^^^
AssertionError: Expected a `Response`, `HttpResponse` or `StreamingHttpResponse` to be returned from the view, but received a `<class 'NoneType'>`
WARNING 2026-02-10 20:46:05,491 log 29368 29664 Bad Request: /api/department-head/login/
ERROR 2026-02-10 20:46:47,778 log 29368 11520 Internal Server Error: /api/module-evaluation-forms/4/
Traceback (most recent call last):
  File "C:\Users\Gabriel Esperanza\Documents\Projects\UPang-Student-Feedback-and-Module-Evaluation-System\.venv\Lib\site-packages\django\core\handlers\exception.py", line 55, in inner
    response = get_response(request)
  File "C:\Users\Gabriel Esperanza\Documents\Projects\UPang-Student-Feedback-and-Module-Evaluation-System\.venv\Lib\site-packages\django\core\handlers\base.py", line 198, in _get_response
    response = wrapped_callback(request, *callback_args, **callback_kwargs)
  File "C:\Users\Gabriel Esperanza\Documents\Projects\UPang-Student-Feedback-and-Module-Evaluation-System\.venv\Lib\site-packages\django\views\decorators\csrf.py", line 65, in _view_wrapper
    return view_func(request, *args, **kwargs)
  File "C:\Users\Gabriel Esperanza\Documents\Projects\UPang-Student-Feedback-and-Module-Evaluation-System\.venv\Lib\site-packages\django\views\generic\base.py", line 106, in view
    return self.dispatch(request, *args, **kwargs)
           ~~~~~~~~~~~~~^^^^^^^^^^^^^^^^^^^^^^^^^^
  File "C:\Users\Gabriel Esperanza\Documents\Projects\UPang-Student-Feedback-and-Module-Evaluation-System\.venv\Lib\site-packages\rest_framework\views.py", line 515, in dispatch
    response = self.handle_exception(exc)
  File "C:\Users\Gabriel Esperanza\Documents\Projects\UPang-Student-Feedback-and-Module-Evaluation-System\.venv\Lib\site-packages\rest_framework\views.py", line 475, in handle_exception
    self.raise_uncaught_exception(exc)
    ~~~~~~~~~~~~~~~~~~~~~~~~~~~~~^^^^^
  File "C:\Users\Gabriel Esperanza\Documents\Projects\UPang-Student-Feedback-and-Module-Evaluation-System\.venv\Lib\site-packages\rest_framework\views.py", line 486, in raise_uncaught_exception
    raise exc
  File "C:\Users\Gabriel Esperanza\Documents\Projects\UPang-Student-Feedback-and-Module-Evaluation-System\.venv\Lib\site-packages\rest_framework\views.py", line 512, in dispatch
    response = handler(request, *args, **kwargs)
  File "C:\Users\Gabriel Esperanza\Documents\Projects\UPang-Student-Feedback-and-Module-Evaluation-System\.venv\Lib\site-packages\rest_framework\generics.py", line 295, in delete
    return self.destroy(request, *args, **kwargs)
           ~~~~~~~~~~~~^^^^^^^^^^^^^^^^^^^^^^^^^^
  File "C:\Users\Gabriel Esperanza\Documents\Projects\UPang-Student-Feedback-and-Module-Evaluation-System\.venv\Lib\site-packages\rest_framework\mixins.py", line 91, in destroy
    self.perform_destroy(instance)
    ~~~~~~~~~~~~~~~~~~~~^^^^^^^^^^
  File "C:\Users\Gabriel Esperanza\Documents\Projects\UPang-Student-Feedback-and-Module-Evaluation-System\api\views.py", line 505, in perform_destroy
    user_name = f"{self.request.user.firstname} {self.request.user.lastname}".strip() or self.request.user.email or 'Depthead User'
                   ^^^^^^^^^^^^^^^^^^^^^^^^^^^
AttributeError: 'AnonymousUser' object has no attribute 'firstname'
ERROR 2026-02-10 20:46:48,671 log 29368 11520 Internal Server Error: /api/module-evaluation-forms/4/
Traceback (most recent call last):
  File "C:\Users\Gabriel Esperanza\Documents\Projects\UPang-Student-Feedback-and-Module-Evaluation-System\.venv\Lib\site-packages\django\core\handlers\exception.py", line 55, in inner
    response = get_response(request)
  File "C:\Users\Gabriel Esperanza\Documents\Projects\UPang-Student-Feedback-and-Module-Evaluation-System\.venv\Lib\site-packages\django\core\handlers\base.py", line 198, in _get_response
    response = wrapped_callback(request, *callback_args, **callback_kwargs)
  File "C:\Users\Gabriel Esperanza\Documents\Projects\UPang-Student-Feedback-and-Module-Evaluation-System\.venv\Lib\site-packages\django\views\decorators\csrf.py", line 65, in _view_wrapper
    return view_func(request, *args, **kwargs)
  File "C:\Users\Gabriel Esperanza\Documents\Projects\UPang-Student-Feedback-and-Module-Evaluation-System\.venv\Lib\site-packages\django\views\generic\base.py", line 106, in view
    return self.dispatch(request, *args, **kwargs)
           ~~~~~~~~~~~~~^^^^^^^^^^^^^^^^^^^^^^^^^^
  File "C:\Users\Gabriel Esperanza\Documents\Projects\UPang-Student-Feedback-and-Module-Evaluation-System\.venv\Lib\site-packages\rest_framework\views.py", line 515, in dispatch
    response = self.handle_exception(exc)
  File "C:\Users\Gabriel Esperanza\Documents\Projects\UPang-Student-Feedback-and-Module-Evaluation-System\.venv\Lib\site-packages\rest_framework\views.py", line 475, in handle_exception
    self.raise_uncaught_exception(exc)
    ~~~~~~~~~~~~~~~~~~~~~~~~~~~~~^^^^^
  File "C:\Users\Gabriel Esperanza\Documents\Projects\UPang-Student-Feedback-and-Module-Evaluation-System\.venv\Lib\site-packages\rest_framework\views.py", line 486, in raise_uncaught_exception
    raise exc
  File "C:\Users\Gabriel Esperanza\Documents\Projects\UPang-Student-Feedback-and-Module-Evaluation-System\.venv\Lib\site-packages\rest_framework\views.py", line 512, in dispatch
    response = handler(request, *args, **kwargs)
  File "C:\Users\Gabriel Esperanza\Documents\Projects\UPang-Student-Feedback-and-Module-Evaluation-System\.venv\Lib\site-packages\rest_framework\generics.py", line 295, in delete
    return self.destroy(request, *args, **kwargs)
           ~~~~~~~~~~~~^^^^^^^^^^^^^^^^^^^^^^^^^^
  File "C:\Users\Gabriel Esperanza\Documents\Projects\UPang-Student-Feedback-and-Module-Evaluation-System\.venv\Lib\site-packages\rest_framework\mixins.py", line 91, in destroy
    self.perform_destroy(instance)
    ~~~~~~~~~~~~~~~~~~~~^^^^^^^^^^
  File "C:\Users\Gabriel Esperanza\Documents\Projects\UPang-Student-Feedback-and-Module-Evaluation-System\api\views.py", line 505, in perform_destroy
    user_name = f"{self.request.user.firstname} {self.request.user.lastname}".strip() or self.request.user.email or 'Depthead User'
                   ^^^^^^^^^^^^^^^^^^^^^^^^^^^
AttributeError: 'AnonymousUser' object has no attribute 'firstname'
ERROR 2026-02-10 20:46:54,599 log 29368 22136 Internal Server Error: /api/module-evaluation-forms/1/
Traceback (most recent call last):
  File "C:\Users\Gabriel Esperanza\Documents\Projects\UPang-Student-Feedback-and-Module-Evaluation-System\.venv\Lib\site-packages\django\core\handlers\exception.py", line 55, in inner
    response = get_response(request)
  File "C:\Users\Gabriel Esperanza\Documents\Projects\UPang-Student-Feedback-and-Module-Evaluation-System\.venv\Lib\site-packages\django\core\handlers\base.py", line 198, in _get_response
    response = wrapped_callback(request, *callback_args, **callback_kwargs)
  File "C:\Users\Gabriel Esperanza\Documents\Projects\UPang-Student-Feedback-and-Module-Evaluation-System\.venv\Lib\site-packages\django\views\decorators\csrf.py", line 65, in _view_wrapper
    return view_func(request, *args, **kwargs)
  File "C:\Users\Gabriel Esperanza\Documents\Projects\UPang-Student-Feedback-and-Module-Evaluation-System\.venv\Lib\site-packages\django\views\generic\base.py", line 106, in view
    return self.dispatch(request, *args, **kwargs)
           ~~~~~~~~~~~~~^^^^^^^^^^^^^^^^^^^^^^^^^^
  File "C:\Users\Gabriel Esperanza\Documents\Projects\UPang-Student-Feedback-and-Module-Evaluation-System\.venv\Lib\site-packages\rest_framework\views.py", line 515, in dispatch
    response = self.handle_exception(exc)
  File "C:\Users\Gabriel Esperanza\Documents\Projects\UPang-Student-Feedback-and-Module-Evaluation-System\.venv\Lib\site-packages\rest_framework\views.py", line 475, in handle_exception
    self.raise_uncaught_exception(exc)
    ~~~~~~~~~~~~~~~~~~~~~~~~~~~~~^^^^^
  File "C:\Users\Gabriel Esperanza\Documents\Projects\UPang-Student-Feedback-and-Module-Evaluation-System\.venv\Lib\site-packages\rest_framework\views.py", line 486, in raise_uncaught_exception
    raise exc
  File "C:\Users\Gabriel Esperanza\Documents\Projects\UPang-Student-Feedback-and-Module-Evaluation-System\.venv\Lib\site-packages\rest_framework\views.py", line 512, in dispatch
    response = handler(request, *args, **kwargs)
  File "C:\Users\Gabriel Esperanza\Documents\Projects\UPang-Student-Feedback-and-Module-Evaluation-System\.venv\Lib\site-packages\rest_framework\generics.py", line 295, in delete
    return self.destroy(request, *args, **kwargs)
           ~~~~~~~~~~~~^^^^^^^^^^^^^^^^^^^^^^^^^^
  File "C:\Users\Gabriel Esperanza\Documents\Projects\UPang-Student-Feedback-and-Module-Evaluation-System\.venv\Lib\site-packages\rest_framework\mixins.py", line 91, in destroy
    self.perform_destroy(instance)
    ~~~~~~~~~~~~~~~~~~~~^^^^^^^^^^
  File "C:\Users\Gabriel Esperanza\Documents\Projects\UPang-Student-Feedback-and-Module-Evaluation-System\api\views.py", line 505, in perform_destroy
    user_name = f"{self.request.user.firstname} {self.request.user.lastname}".strip() or self.request.user.email or 'Depthead User'
                   ^^^^^^^^^^^^^^^^^^^^^^^^^^^
AttributeError: 'AnonymousUser' object has no attribute 'firstname'
ERROR 2026-02-10 20:46:55,410 log 29368 22136 Internal Server Error: /api/module-evaluation-forms/1/
Traceback (most recent call last):
  File "C:\Users\Gabriel Esperanza\Documents\Projects\UPang-Student-Feedback-and-Module-Evaluation-System\.venv\Lib\site-packages\django\core\handlers\exception.py", line 55, in inner
    response = get_response(request)
  File "C:\Users\Gabriel Esperanza\Documents\Projects\UPang-Student-Feedback-and-Module-Evaluation-System\.venv\Lib\site-packages\django\core\handlers\base.py", line 198, in _get_response
    response = wrapped_callback(request, *callback_args, **callback_kwargs)
  File "C:\Users\Gabriel Esperanza\Documents\Projects\UPang-Student-Feedback-and-Module-Evaluation-System\.venv\Lib\site-packages\django\views\decorators\csrf.py", line 65, in _view_wrapper
    return view_func(request, *args, **kwargs)
  File "C:\Users\Gabriel Esperanza\Documents\Projects\UPang-Student-Feedback-and-Module-Evaluation-System\.venv\Lib\site-packages\django\views\generic\base.py", line 106, in view
    return self.dispatch(request, *args, **kwargs)
           ~~~~~~~~~~~~~^^^^^^^^^^^^^^^^^^^^^^^^^^
  File "C:\Users\Gabriel Esperanza\Documents\Projects\UPang-Student-Feedback-and-Module-Evaluation-System\.venv\Lib\site-packages\rest_framework\views.py", line 515, in dispatch
    response = self.handle_exception(exc)
  File "C:\Users\Gabriel Esperanza\Documents\Projects\UPang-Student-Feedback-and-Module-Evaluation-System\.venv\Lib\site-packages\rest_framework\views.py", line 475, in handle_exception
    self.raise_uncaught_exception(exc)
    ~~~~~~~~~~~~~~~~~~~~~~~~~~~~~^^^^^
  File "C:\Users\Gabriel Esperanza\Documents\Projects\UPang-Student-Feedback-and-Module-Evaluation-System\.venv\Lib\site-packages\rest_framework\views.py", line 486, in raise_uncaught_exception
    raise exc
  File "C:\Users\Gabriel Esperanza\Documents\Projects\UPang-Student-Feedback-and-Module-Evaluation-System\.venv\Lib\site-packages\rest_framework\views.py", line 512, in dispatch
    response = handler(request, *args, **kwargs)
  File "C:\Users\Gabriel Esperanza\Documents\Projects\UPang-Student-Feedback-and-Module-Evaluation-System\.venv\Lib\site-packages\rest_framework\generics.py", line 295, in delete
    return self.destroy(request, *args, **kwargs)
           ~~~~~~~~~~~~^^^^^^^^^^^^^^^^^^^^^^^^^^
  File "C:\Users\Gabriel Esperanza\Documents\Projects\UPang-Student-Feedback-and-Module-Evaluation-System\.venv\Lib\site-packages\rest_framework\mixins.py", line 91, in destroy
    self.perform_destroy(instance)
    ~~~~~~~~~~~~~~~~~~~~^^^^^^^^^^
  File "C:\Users\Gabriel Esperanza\Documents\Projects\UPang-Student-Feedback-and-Module-Evaluation-System\api\views.py", line 505, in perform_destroy
    user_name = f"{self.request.user.firstname} {self.request.user.lastname}".strip() or self.request.user.email or 'Depthead User'
                   ^^^^^^^^^^^^^^^^^^^^^^^^^^^
AttributeError: 'AnonymousUser' object has no attribute 'firstname'
WARNING 2026-02-10 21:01:42,731 log 29368 29172 Not Found: /
WARNING 2026-02-10 21:01:43,043 log 29368 30140 Not Found: /
WARNING 2026-02-10 21:01:43,351 log 29368 30252 Not Found: /
WARNING 2026-02-10 21:03:27,504 log 29368 30636 Not Found: /
WARNING 2026-02-10 21:03:27,828 log 29368 28776 Not Found: /
